{"/home/travis/build/npmtest/node-npmtest-electron-forge/test.js":{"path":"/home/travis/build/npmtest/node-npmtest-electron-forge/test.js","s":{"1":2,"2":2,"3":2,"4":2,"5":2,"6":2,"7":2,"8":1,"9":2,"10":2,"11":1,"12":1,"13":1,"14":1,"15":2,"16":2,"17":2,"18":2,"19":1,"20":1,"21":2,"22":2,"23":2,"24":1,"25":1,"26":1,"27":1,"28":1,"29":1,"30":1,"31":1,"32":1,"33":1,"34":1,"35":1,"36":1,"37":1,"38":1,"39":2,"40":2,"41":1,"42":2,"43":2,"44":1,"45":2,"46":2,"47":1,"48":2,"49":2,"50":1,"51":1,"52":1,"53":1,"54":1},"b":{"1":[2,1,1,1],"2":[1,1,1,1],"3":[1,1],"4":[1,1],"5":[1,1],"6":[1,1],"7":[1,1],"8":[1,1],"9":[1,1],"10":[1,1,1],"11":[1,1],"12":[1,1],"13":[1,1],"14":[1,1],"15":[1,1],"16":[1,1],"17":[1,1]},"f":{"1":2,"2":2,"3":2,"4":2,"5":2,"6":1,"7":1,"8":1,"9":2,"10":2,"11":2,"12":2,"13":1},"fnMap":{"1":{"name":"(anonymous_1)","line":12,"loc":{"start":{"line":12,"column":1},"end":{"line":12,"column":13}}},"2":{"name":"(anonymous_2)","line":19,"loc":{"start":{"line":19,"column":5},"end":{"line":19,"column":17}}},"3":{"name":"(anonymous_3)","line":23,"loc":{"start":{"line":23,"column":24},"end":{"line":23,"column":36}}},"4":{"name":"(anonymous_4)","line":61,"loc":{"start":{"line":61,"column":5},"end":{"line":61,"column":17}}},"5":{"name":"(anonymous_5)","line":82,"loc":{"start":{"line":82,"column":5},"end":{"line":82,"column":17}}},"6":{"name":"(anonymous_6)","line":91,"loc":{"start":{"line":91,"column":77},"end":{"line":94,"column":10}}},"7":{"name":"(anonymous_7)","line":112,"loc":{"start":{"line":112,"column":83},"end":{"line":115,"column":10}},"skip":true},"8":{"name":"(anonymous_8)","line":123,"loc":{"start":{"line":123,"column":77},"end":{"line":126,"column":10}},"skip":true},"9":{"name":"(anonymous_9)","line":139,"loc":{"start":{"line":139,"column":12},"end":{"line":139,"column":40}},"skip":true},"10":{"name":"(anonymous_10)","line":147,"loc":{"start":{"line":147,"column":77},"end":{"line":150,"column":10}},"skip":true},"11":{"name":"(anonymous_11)","line":158,"loc":{"start":{"line":158,"column":83},"end":{"line":161,"column":10}},"skip":true},"12":{"name":"(anonymous_12)","line":169,"loc":{"start":{"line":169,"column":79},"end":{"line":172,"column":10}},"skip":true},"13":{"name":"(anonymous_13)","line":180,"loc":{"start":{"line":180,"column":75},"end":{"line":183,"column":10}},"skip":true}},"statementMap":{"1":{"start":{"line":12,"column":0},"end":{"line":195,"column":5}},"2":{"start":{"line":14,"column":4},"end":{"line":14,"column":14}},"3":{"start":{"line":19,"column":4},"end":{"line":56,"column":9}},"4":{"start":{"line":21,"column":8},"end":{"line":21,"column":19}},"5":{"start":{"line":23,"column":8},"end":{"line":35,"column":13}},"6":{"start":{"line":24,"column":12},"end":{"line":34,"column":13}},"7":{"start":{"line":25,"column":16},"end":{"line":28,"column":30}},"8":{"start":{"line":30,"column":16},"end":{"line":33,"column":27}},"9":{"start":{"line":37,"column":8},"end":{"line":39,"column":21}},"10":{"start":{"line":40,"column":8},"end":{"line":53,"column":9}},"11":{"start":{"line":43,"column":12},"end":{"line":46,"column":14}},"12":{"start":{"line":47,"column":12},"end":{"line":47,"column":18}},"13":{"start":{"line":50,"column":12},"end":{"line":51,"column":33}},"14":{"start":{"line":52,"column":12},"end":{"line":52,"column":18}},"15":{"start":{"line":55,"column":8},"end":{"line":55,"column":35}},"16":{"start":{"line":61,"column":4},"end":{"line":63,"column":9}},"17":{"start":{"line":62,"column":8},"end":{"line":62,"column":15}},"18":{"start":{"line":64,"column":4},"end":{"line":77,"column":5}},"19":{"start":{"line":70,"column":8},"end":{"line":70,"column":14}},"20":{"start":{"line":76,"column":8},"end":{"line":76,"column":14}},"21":{"start":{"line":82,"column":4},"end":{"line":84,"column":9}},"22":{"start":{"line":83,"column":8},"end":{"line":83,"column":15}},"23":{"start":{"line":85,"column":4},"end":{"line":194,"column":5}},"24":{"start":{"line":91,"column":8},"end":{"line":99,"column":10}},"25":{"start":{"line":98,"column":12},"end":{"line":98,"column":35}},"26":{"start":{"line":102,"column":8},"end":{"line":104,"column":63}},"27":{"start":{"line":105,"column":8},"end":{"line":105,"column":14}},"28":{"start":{"line":112,"column":8},"end":{"line":121,"column":10},"skip":true},"29":{"start":{"line":119,"column":12},"end":{"line":119,"column":55},"skip":true},"30":{"start":{"line":120,"column":12},"end":{"line":120,"column":48},"skip":true},"31":{"start":{"line":123,"column":8},"end":{"line":136,"column":10},"skip":true},"32":{"start":{"line":130,"column":12},"end":{"line":130,"column":76},"skip":true},"33":{"start":{"line":131,"column":12},"end":{"line":131,"column":73},"skip":true},"34":{"start":{"line":132,"column":12},"end":{"line":132,"column":74},"skip":true},"35":{"start":{"line":133,"column":12},"end":{"line":133,"column":79},"skip":true},"36":{"start":{"line":134,"column":12},"end":{"line":134,"column":25},"skip":true},"37":{"start":{"line":135,"column":12},"end":{"line":135,"column":45},"skip":true},"38":{"start":{"line":138,"column":8},"end":{"line":145,"column":14},"skip":true},"39":{"start":{"line":143,"column":16},"end":{"line":143,"column":29},"skip":true},"40":{"start":{"line":144,"column":16},"end":{"line":144,"column":55},"skip":true},"41":{"start":{"line":147,"column":8},"end":{"line":156,"column":10},"skip":true},"42":{"start":{"line":154,"column":12},"end":{"line":154,"column":25},"skip":true},"43":{"start":{"line":155,"column":12},"end":{"line":155,"column":45},"skip":true},"44":{"start":{"line":158,"column":8},"end":{"line":167,"column":10},"skip":true},"45":{"start":{"line":165,"column":12},"end":{"line":165,"column":25},"skip":true},"46":{"start":{"line":166,"column":12},"end":{"line":166,"column":48},"skip":true},"47":{"start":{"line":169,"column":8},"end":{"line":178,"column":10},"skip":true},"48":{"start":{"line":176,"column":12},"end":{"line":176,"column":25},"skip":true},"49":{"start":{"line":177,"column":12},"end":{"line":177,"column":46},"skip":true},"50":{"start":{"line":180,"column":8},"end":{"line":189,"column":10},"skip":true},"51":{"start":{"line":187,"column":12},"end":{"line":187,"column":94},"skip":true},"52":{"start":{"line":188,"column":12},"end":{"line":188,"column":48},"skip":true},"53":{"start":{"line":192,"column":8},"end":{"line":192,"column":35},"skip":true},"54":{"start":{"line":193,"column":8},"end":{"line":193,"column":14},"skip":true}},"branchMap":{"1":{"line":25,"type":"binary-expr","locations":[{"start":{"line":25,"column":23},"end":{"line":25,"column":62}},{"start":{"line":26,"column":20},"end":{"line":26,"column":70}},{"start":{"line":27,"column":20},"end":{"line":27,"column":71}},{"start":{"line":28,"column":20},"end":{"line":28,"column":29}}]},"2":{"line":30,"type":"binary-expr","locations":[{"start":{"line":30,"column":23},"end":{"line":30,"column":37}},{"start":{"line":31,"column":20},"end":{"line":31,"column":61}},{"start":{"line":32,"column":20},"end":{"line":32,"column":70}},{"start":{"line":33,"column":20},"end":{"line":33,"column":26}}]},"3":{"line":37,"type":"cond-expr","locations":[{"start":{"line":38,"column":14},"end":{"line":38,"column":20}},{"start":{"line":39,"column":14},"end":{"line":39,"column":20}}]},"4":{"line":40,"type":"switch","locations":[{"start":{"line":42,"column":8},"end":{"line":47,"column":18}},{"start":{"line":49,"column":8},"end":{"line":52,"column":18}}]},"5":{"line":44,"type":"binary-expr","locations":[{"start":{"line":44,"column":16},"end":{"line":44,"column":44}},{"start":{"line":44,"column":48},"end":{"line":44,"column":66}}]},"6":{"line":50,"type":"binary-expr","locations":[{"start":{"line":50,"column":21},"end":{"line":50,"column":49}},{"start":{"line":50,"column":53},"end":{"line":50,"column":72}}]},"7":{"line":64,"type":"switch","locations":[{"start":{"line":69,"column":4},"end":{"line":70,"column":14}},{"start":{"line":75,"column":4},"end":{"line":76,"column":14}}]},"8":{"line":85,"type":"switch","locations":[{"start":{"line":90,"column":4},"end":{"line":105,"column":14}},{"start":{"line":111,"column":4},"end":{"line":193,"column":14},"skip":true}]},"9":{"line":91,"type":"binary-expr","locations":[{"start":{"line":91,"column":42},"end":{"line":91,"column":73}},{"start":{"line":91,"column":77},"end":{"line":99,"column":9}}]},"10":{"line":102,"type":"binary-expr","locations":[{"start":{"line":102,"column":18},"end":{"line":102,"column":32}},{"start":{"line":103,"column":12},"end":{"line":103,"column":53}},{"start":{"line":104,"column":12},"end":{"line":104,"column":61}}]},"11":{"line":112,"type":"binary-expr","locations":[{"start":{"line":112,"column":45},"end":{"line":112,"column":79},"skip":true},{"start":{"line":112,"column":83},"end":{"line":121,"column":9},"skip":true}]},"12":{"line":123,"type":"binary-expr","locations":[{"start":{"line":123,"column":42},"end":{"line":123,"column":73},"skip":true},{"start":{"line":123,"column":77},"end":{"line":136,"column":9},"skip":true}]},"13":{"line":138,"type":"binary-expr","locations":[{"start":{"line":138,"column":48},"end":{"line":138,"column":85},"skip":true},{"start":{"line":139,"column":12},"end":{"line":145,"column":13},"skip":true}]},"14":{"line":147,"type":"binary-expr","locations":[{"start":{"line":147,"column":42},"end":{"line":147,"column":73},"skip":true},{"start":{"line":147,"column":77},"end":{"line":156,"column":9},"skip":true}]},"15":{"line":158,"type":"binary-expr","locations":[{"start":{"line":158,"column":45},"end":{"line":158,"column":79},"skip":true},{"start":{"line":158,"column":83},"end":{"line":167,"column":9},"skip":true}]},"16":{"line":169,"type":"binary-expr","locations":[{"start":{"line":169,"column":43},"end":{"line":169,"column":75},"skip":true},{"start":{"line":169,"column":79},"end":{"line":178,"column":9},"skip":true}]},"17":{"line":180,"type":"binary-expr","locations":[{"start":{"line":180,"column":41},"end":{"line":180,"column":71},"skip":true},{"start":{"line":180,"column":75},"end":{"line":189,"column":9},"skip":true}]}},"code":["/* istanbul instrument in package npmtest_electron_forge */","/*jslint","    bitwise: true,","    browser: true,","    maxerr: 8,","    maxlen: 96,","    node: true,","    nomen: true,","    regexp: true,","    stupid: true","*/","(function () {","    'use strict';","    var local;","","","","    // run shared js-env code - pre-init","    (function () {","        // init local","        local = {};","        // init modeJs","        local.modeJs = (function () {","            try {","                return typeof navigator.userAgent === 'string' &&","                    typeof document.querySelector('body') === 'object' &&","                    typeof XMLHttpRequest.prototype.open === 'function' &&","                    'browser';","            } catch (errorCaughtBrowser) {","                return module.exports &&","                    typeof process.versions.node === 'string' &&","                    typeof require('http').createServer === 'function' &&","                    'node';","            }","        }());","        // init global","        local.global = local.modeJs === 'browser'","            ? window","            : global;","        switch (local.modeJs) {","        // re-init local from window.local","        case 'browser':","            local = local.global.utility2.objectSetDefault(","                local.global.utility2_rollup || local.global.local,","                local.global.utility2","            );","            break;","        // re-init local from example.js","        case 'node':","            local = (local.global.utility2_rollup || require('utility2'))","                .requireReadme();","            break;","        }","        // export local","        local.global.local = local;","    }());","","","","    // run shared js-env code - function","    (function () {","        return;","    }());","    switch (local.modeJs) {","","","","    // run browser js-env code - function","    case 'browser':","        break;","","","","    // run node js-env code - function","    case 'node':","        break;","    }","","","","    // run shared js-env code - post-init","    (function () {","        return;","    }());","    switch (local.modeJs) {","","","","    // run browser js-env code - post-init","    case 'browser':","        local.testCase_browser_nullCase = local.testCase_browser_nullCase || function (","            options,","            onError","        ) {","        /*","         * this function will test browsers's null-case handling-behavior-behavior","         */","            onError(null, options);","        };","","        // run tests","        local.nop(local.modeTest &&","            document.querySelector('#testRunButton1') &&","            document.querySelector('#testRunButton1').click());","        break;","","","","    // run node js-env code - post-init","    /* istanbul ignore next */","    case 'node':","        local.testCase_buildApidoc_default = local.testCase_buildApidoc_default || function (","            options,","            onError","        ) {","        /*","         * this function will test buildApidoc's default handling-behavior-behavior","         */","            options = { modulePathList: module.paths };","            local.buildApidoc(options, onError);","        };","","        local.testCase_buildApp_default = local.testCase_buildApp_default || function (","            options,","            onError","        ) {","        /*","         * this function will test buildApp's default handling-behavior-behavior","         */","            local.testCase_buildReadme_default(options, local.onErrorThrow);","            local.testCase_buildLib_default(options, local.onErrorThrow);","            local.testCase_buildTest_default(options, local.onErrorThrow);","            local.testCase_buildCustomOrg_default(options, local.onErrorThrow);","            options = [];","            local.buildApp(options, onError);","        };","","        local.testCase_buildCustomOrg_default = local.testCase_buildCustomOrg_default ||","            function (options, onError) {","            /*","             * this function will test buildCustomOrg's default handling-behavior","             */","                options = {};","                local.buildCustomOrg(options, onError);","            };","","        local.testCase_buildLib_default = local.testCase_buildLib_default || function (","            options,","            onError","        ) {","        /*","         * this function will test buildLib's default handling-behavior","         */","            options = {};","            local.buildLib(options, onError);","        };","","        local.testCase_buildReadme_default = local.testCase_buildReadme_default || function (","            options,","            onError","        ) {","        /*","         * this function will test buildReadme's default handling-behavior-behavior","         */","            options = {};","            local.buildReadme(options, onError);","        };","","        local.testCase_buildTest_default = local.testCase_buildTest_default || function (","            options,","            onError","        ) {","        /*","         * this function will test buildTest's default handling-behavior","         */","            options = {};","            local.buildTest(options, onError);","        };","","        local.testCase_webpage_default = local.testCase_webpage_default || function (","            options,","            onError","        ) {","        /*","         * this function will test webpage's default handling-behavior","         */","            options = { modeCoverageMerge: true, url: local.serverLocalHost + '?modeTest=1' };","            local.browserTest(options, onError);","        };","","        // run test-server","        local.testRunServer(local);","        break;","    }","}());",""],"l":{"12":2,"14":2,"19":2,"21":2,"23":2,"24":2,"25":2,"30":1,"37":2,"40":2,"43":1,"47":1,"50":1,"52":1,"55":2,"61":2,"62":2,"64":2,"70":1,"76":1,"82":2,"83":2,"85":2,"91":1,"98":1,"102":1,"105":1,"112":1,"119":1,"120":1,"123":1,"130":1,"131":1,"132":1,"133":1,"134":1,"135":1,"138":1,"143":2,"144":2,"147":1,"154":2,"155":2,"158":1,"165":2,"166":2,"169":1,"176":2,"177":2,"180":1,"187":1,"188":1,"192":1,"193":1}},"/home/travis/build/npmtest/node-npmtest-electron-forge/lib.npmtest_electron_forge.js":{"path":"/home/travis/build/npmtest/node-npmtest-electron-forge/lib.npmtest_electron_forge.js","s":{"1":2,"2":2,"3":2,"4":2,"5":2,"6":2,"7":2,"8":1,"9":2,"10":2,"11":2,"12":2,"13":1,"14":1,"15":1,"16":1},"b":{"1":[2,1,1,1],"2":[1,1,1,1],"3":[1,1],"4":[2,2],"5":[1,1]},"f":{"1":2,"2":2,"3":2},"fnMap":{"1":{"name":"(anonymous_1)","line":12,"loc":{"start":{"line":12,"column":1},"end":{"line":12,"column":13}}},"2":{"name":"(anonymous_2)","line":19,"loc":{"start":{"line":19,"column":5},"end":{"line":19,"column":17}}},"3":{"name":"(anonymous_3)","line":23,"loc":{"start":{"line":23,"column":24},"end":{"line":23,"column":36}}}},"statementMap":{"1":{"start":{"line":12,"column":0},"end":{"line":53,"column":5}},"2":{"start":{"line":14,"column":4},"end":{"line":14,"column":14}},"3":{"start":{"line":19,"column":4},"end":{"line":52,"column":9}},"4":{"start":{"line":21,"column":8},"end":{"line":21,"column":19}},"5":{"start":{"line":23,"column":8},"end":{"line":35,"column":13}},"6":{"start":{"line":24,"column":12},"end":{"line":34,"column":13}},"7":{"start":{"line":25,"column":16},"end":{"line":28,"column":30}},"8":{"start":{"line":30,"column":16},"end":{"line":33,"column":27}},"9":{"start":{"line":37,"column":8},"end":{"line":39,"column":21}},"10":{"start":{"line":41,"column":8},"end":{"line":41,"column":54}},"11":{"start":{"line":43,"column":8},"end":{"line":43,"column":59}},"12":{"start":{"line":45,"column":8},"end":{"line":51,"column":9}},"13":{"start":{"line":46,"column":12},"end":{"line":46,"column":65}},"14":{"start":{"line":48,"column":12},"end":{"line":48,"column":35}},"15":{"start":{"line":49,"column":12},"end":{"line":49,"column":49}},"16":{"start":{"line":50,"column":12},"end":{"line":50,"column":43}}},"branchMap":{"1":{"line":25,"type":"binary-expr","locations":[{"start":{"line":25,"column":23},"end":{"line":25,"column":62}},{"start":{"line":26,"column":20},"end":{"line":26,"column":70}},{"start":{"line":27,"column":20},"end":{"line":27,"column":71}},{"start":{"line":28,"column":20},"end":{"line":28,"column":29}}]},"2":{"line":30,"type":"binary-expr","locations":[{"start":{"line":30,"column":23},"end":{"line":30,"column":37}},{"start":{"line":31,"column":20},"end":{"line":31,"column":61}},{"start":{"line":32,"column":20},"end":{"line":32,"column":70}},{"start":{"line":33,"column":20},"end":{"line":33,"column":26}}]},"3":{"line":37,"type":"cond-expr","locations":[{"start":{"line":38,"column":14},"end":{"line":38,"column":20}},{"start":{"line":39,"column":14},"end":{"line":39,"column":20}}]},"4":{"line":41,"type":"binary-expr","locations":[{"start":{"line":41,"column":16},"end":{"line":41,"column":44}},{"start":{"line":41,"column":48},"end":{"line":41,"column":53}}]},"5":{"line":45,"type":"if","locations":[{"start":{"line":45,"column":8},"end":{"line":45,"column":8}},{"start":{"line":45,"column":8},"end":{"line":45,"column":8}}]}},"code":["/* istanbul instrument in package npmtest_electron_forge */","/*jslint","    bitwise: true,","    browser: true,","    maxerr: 8,","    maxlen: 96,","    node: true,","    nomen: true,","    regexp: true,","    stupid: true","*/","(function () {","    'use strict';","    var local;","","","","    // run shared js-env code - pre-init","    (function () {","        // init local","        local = {};","        // init modeJs","        local.modeJs = (function () {","            try {","                return typeof navigator.userAgent === 'string' &&","                    typeof document.querySelector('body') === 'object' &&","                    typeof XMLHttpRequest.prototype.open === 'function' &&","                    'browser';","            } catch (errorCaughtBrowser) {","                return module.exports &&","                    typeof process.versions.node === 'string' &&","                    typeof require('http').createServer === 'function' &&","                    'node';","            }","        }());","        // init global","        local.global = local.modeJs === 'browser'","            ? window","            : global;","        // init utility2_rollup","        local = local.global.utility2_rollup || local;","        // init lib","        local.local = local.npmtest_electron_forge = local;","        // init exports","        if (local.modeJs === 'browser') {","            local.global.utility2_npmtest_electron_forge = local;","        } else {","            module.exports = local;","            module.exports.__dirname = __dirname;","            module.exports.module = module;","        }","    }());","}());",""],"l":{"12":2,"14":2,"19":2,"21":2,"23":2,"24":2,"25":2,"30":1,"37":2,"41":2,"43":2,"45":2,"46":1,"48":1,"49":1,"50":1}},"/home/travis/build/npmtest/node-npmtest-electron-forge/example.js":{"path":"/home/travis/build/npmtest/node-npmtest-electron-forge/example.js","s":{"1":2,"2":2,"3":2,"4":2,"5":2,"6":2,"7":2,"8":1,"9":2,"10":2,"11":2,"12":2,"13":1,"14":2,"15":2,"16":2,"17":2,"18":2,"19":0,"20":2,"21":1,"22":1,"23":1,"24":1,"25":1,"26":0,"27":0,"28":1,"29":1,"30":2,"31":0,"32":0,"33":0,"34":1,"35":2,"36":2,"37":3,"38":3,"39":3,"40":3,"41":0,"42":3,"43":3,"44":3,"45":1,"46":3,"47":1,"48":1,"49":1,"50":1,"51":1,"52":1,"53":1,"54":1,"55":1,"56":1,"57":0,"58":1,"59":6,"60":6,"61":1,"62":2,"63":0,"64":2,"65":1,"66":1,"67":0,"68":0,"69":0,"70":0,"71":0,"72":0,"73":0,"74":0,"75":0,"76":0,"77":0,"78":0,"79":0,"80":0,"81":0,"82":0,"83":0},"b":{"1":[2,1,1,1],"2":[1,1,1,1],"3":[1,1],"4":[2,2],"5":[1,1],"6":[1,1],"7":[2,0],"8":[2,1,1,1,1,1],"9":[0,2,0],"10":[1,1],"11":[2,1,1],"12":[1,0],"13":[0,2],"14":[2,0,0,0,0,0,0],"15":[0,3],"16":[3,0],"17":[1,1],"18":[0,1],"19":[1,2,0,2],"20":[1,0],"21":[1,1],"22":[0,0],"23":[0,0],"24":[0,0],"25":[0,0],"26":[0,0],"27":[0,0],"28":[0,0]},"f":{"1":2,"2":2,"3":2,"4":2,"5":2,"6":2,"7":3,"8":3,"9":3,"10":1,"11":6,"12":0},"fnMap":{"1":{"name":"(anonymous_1)","line":26,"loc":{"start":{"line":26,"column":1},"end":{"line":26,"column":13}}},"2":{"name":"(anonymous_2)","line":33,"loc":{"start":{"line":33,"column":5},"end":{"line":33,"column":17}}},"3":{"name":"(anonymous_3)","line":37,"loc":{"start":{"line":37,"column":24},"end":{"line":37,"column":36}}},"4":{"name":"(anonymous_4)","line":69,"loc":{"start":{"line":69,"column":31},"end":{"line":69,"column":48}},"skip":true},"5":{"name":"(anonymous_5)","line":78,"loc":{"start":{"line":78,"column":26},"end":{"line":78,"column":45}},"skip":true},"6":{"name":"(anonymous_6)","line":123,"loc":{"start":{"line":123,"column":33},"end":{"line":123,"column":48}},"skip":true},"7":{"name":"(anonymous_7)","line":125,"loc":{"start":{"line":125,"column":27},"end":{"line":125,"column":39}},"skip":true},"8":{"name":"(anonymous_8)","line":133,"loc":{"start":{"line":133,"column":59},"end":{"line":133,"column":74}},"skip":true},"9":{"name":"(anonymous_9)","line":143,"loc":{"start":{"line":143,"column":45},"end":{"line":143,"column":62}},"skip":true},"10":{"name":"(anonymous_10)","line":144,"loc":{"start":{"line":144,"column":73},"end":{"line":144,"column":92}},"skip":true},"11":{"name":"(anonymous_11)","line":272,"loc":{"start":{"line":272,"column":51},"end":{"line":272,"column":77}},"skip":true},"12":{"name":"(anonymous_12)","line":315,"loc":{"start":{"line":315,"column":32},"end":{"line":315,"column":61}},"skip":true}},"statementMap":{"1":{"start":{"line":26,"column":0},"end":{"line":326,"column":5}},"2":{"start":{"line":28,"column":4},"end":{"line":28,"column":14}},"3":{"start":{"line":33,"column":4},"end":{"line":60,"column":9}},"4":{"start":{"line":35,"column":8},"end":{"line":35,"column":19}},"5":{"start":{"line":37,"column":8},"end":{"line":49,"column":13}},"6":{"start":{"line":38,"column":12},"end":{"line":48,"column":13}},"7":{"start":{"line":39,"column":16},"end":{"line":42,"column":30}},"8":{"start":{"line":44,"column":16},"end":{"line":47,"column":27}},"9":{"start":{"line":51,"column":8},"end":{"line":53,"column":21}},"10":{"start":{"line":55,"column":8},"end":{"line":57,"column":45}},"11":{"start":{"line":59,"column":8},"end":{"line":59,"column":35}},"12":{"start":{"line":61,"column":4},"end":{"line":325,"column":5}},"13":{"start":{"line":69,"column":8},"end":{"line":121,"column":10},"skip":true},"14":{"start":{"line":70,"column":12},"end":{"line":88,"column":13},"skip":true},"15":{"start":{"line":76,"column":16},"end":{"line":87,"column":19},"skip":true},"16":{"start":{"line":79,"column":20},"end":{"line":86,"column":21},"skip":true},"17":{"start":{"line":82,"column":24},"end":{"line":82,"column":43},"skip":true},"18":{"start":{"line":83,"column":24},"end":{"line":83,"column":30},"skip":true},"19":{"start":{"line":85,"column":24},"end":{"line":85,"column":49},"skip":true},"20":{"start":{"line":89,"column":12},"end":{"line":107,"column":13},"skip":true},"21":{"start":{"line":92,"column":16},"end":{"line":102,"column":17},"skip":true},"22":{"start":{"line":93,"column":20},"end":{"line":93,"column":86},"skip":true},"23":{"start":{"line":94,"column":20},"end":{"line":95,"column":45},"skip":true},"24":{"start":{"line":96,"column":20},"end":{"line":96,"column":42},"skip":true},"25":{"start":{"line":97,"column":20},"end":{"line":97,"column":48},"skip":true},"26":{"start":{"line":100,"column":20},"end":{"line":100,"column":85},"skip":true},"27":{"start":{"line":101,"column":20},"end":{"line":101,"column":96},"skip":true},"28":{"start":{"line":103,"column":16},"end":{"line":103,"column":22},"skip":true},"29":{"start":{"line":106,"column":16},"end":{"line":106,"column":22},"skip":true},"30":{"start":{"line":108,"column":12},"end":{"line":120,"column":13},"skip":true},"31":{"start":{"line":114,"column":16},"end":{"line":119,"column":17},"skip":true},"32":{"start":{"line":116,"column":20},"end":{"line":116,"column":78},"skip":true},"33":{"start":{"line":118,"column":20},"end":{"line":118,"column":47},"skip":true},"34":{"start":{"line":123,"column":8},"end":{"line":141,"column":11},"skip":true},"35":{"start":{"line":124,"column":12},"end":{"line":124,"column":54},"skip":true},"36":{"start":{"line":125,"column":12},"end":{"line":140,"column":14},"skip":true},"37":{"start":{"line":126,"column":16},"end":{"line":126,"column":28},"skip":true},"38":{"start":{"line":127,"column":16},"end":{"line":127,"column":69},"skip":true},"39":{"start":{"line":128,"column":16},"end":{"line":128,"column":75},"skip":true},"40":{"start":{"line":129,"column":16},"end":{"line":131,"column":17},"skip":true},"41":{"start":{"line":130,"column":20},"end":{"line":130,"column":27},"skip":true},"42":{"start":{"line":133,"column":16},"end":{"line":137,"column":36},"skip":true},"43":{"start":{"line":134,"column":20},"end":{"line":136,"column":55},"skip":true},"44":{"start":{"line":139,"column":16},"end":{"line":139,"column":57},"skip":true},"45":{"start":{"line":143,"column":8},"end":{"line":147,"column":11},"skip":true},"46":{"start":{"line":144,"column":12},"end":{"line":146,"column":15},"skip":true},"47":{"start":{"line":145,"column":16},"end":{"line":145,"column":70},"skip":true},"48":{"start":{"line":149,"column":8},"end":{"line":149,"column":31},"skip":true},"49":{"start":{"line":150,"column":8},"end":{"line":150,"column":14},"skip":true},"50":{"start":{"line":158,"column":8},"end":{"line":158,"column":31},"skip":true},"51":{"start":{"line":160,"column":8},"end":{"line":160,"column":33},"skip":true},"52":{"start":{"line":161,"column":8},"end":{"line":161,"column":37},"skip":true},"53":{"start":{"line":162,"column":8},"end":{"line":162,"column":35},"skip":true},"54":{"start":{"line":164,"column":8},"end":{"line":164,"column":50},"skip":true},"55":{"start":{"line":166,"column":8},"end":{"line":256,"column":2},"skip":true},"56":{"start":{"line":258,"column":8},"end":{"line":286,"column":9},"skip":true},"57":{"start":{"line":259,"column":12},"end":{"line":269,"column":14},"skip":true},"58":{"start":{"line":271,"column":12},"end":{"line":285,"column":19},"skip":true},"59":{"start":{"line":274,"column":20},"end":{"line":274,"column":35},"skip":true},"60":{"start":{"line":275,"column":20},"end":{"line":284,"column":21},"skip":true},"61":{"start":{"line":277,"column":24},"end":{"line":277,"column":64},"skip":true},"62":{"start":{"line":279,"column":24},"end":{"line":279,"column":40},"skip":true},"63":{"start":{"line":281,"column":24},"end":{"line":281,"column":40},"skip":true},"64":{"start":{"line":283,"column":24},"end":{"line":283,"column":39},"skip":true},"65":{"start":{"line":288,"column":8},"end":{"line":290,"column":9},"skip":true},"66":{"start":{"line":289,"column":12},"end":{"line":289,"column":18},"skip":true},"67":{"start":{"line":291,"column":8},"end":{"line":293,"column":54},"skip":true},"68":{"start":{"line":296,"column":8},"end":{"line":301,"column":37},"skip":true},"69":{"start":{"line":303,"column":8},"end":{"line":303,"column":82},"skip":true},"70":{"start":{"line":306,"column":8},"end":{"line":308,"column":9},"skip":true},"71":{"start":{"line":307,"column":12},"end":{"line":307,"column":82},"skip":true},"72":{"start":{"line":310,"column":8},"end":{"line":312,"column":9},"skip":true},"73":{"start":{"line":311,"column":12},"end":{"line":311,"column":18},"skip":true},"74":{"start":{"line":313,"column":8},"end":{"line":313,"column":54},"skip":true},"75":{"start":{"line":314,"column":8},"end":{"line":314,"column":69},"skip":true},"76":{"start":{"line":315,"column":8},"end":{"line":323,"column":36},"skip":true},"77":{"start":{"line":316,"column":12},"end":{"line":316,"column":61},"skip":true},"78":{"start":{"line":317,"column":12},"end":{"line":320,"column":13},"skip":true},"79":{"start":{"line":318,"column":16},"end":{"line":318,"column":75},"skip":true},"80":{"start":{"line":319,"column":16},"end":{"line":319,"column":23},"skip":true},"81":{"start":{"line":321,"column":12},"end":{"line":321,"column":38},"skip":true},"82":{"start":{"line":322,"column":12},"end":{"line":322,"column":27},"skip":true},"83":{"start":{"line":324,"column":8},"end":{"line":324,"column":14},"skip":true}},"branchMap":{"1":{"line":39,"type":"binary-expr","locations":[{"start":{"line":39,"column":23},"end":{"line":39,"column":62}},{"start":{"line":40,"column":20},"end":{"line":40,"column":70}},{"start":{"line":41,"column":20},"end":{"line":41,"column":71}},{"start":{"line":42,"column":20},"end":{"line":42,"column":29}}]},"2":{"line":44,"type":"binary-expr","locations":[{"start":{"line":44,"column":23},"end":{"line":44,"column":37}},{"start":{"line":45,"column":20},"end":{"line":45,"column":61}},{"start":{"line":46,"column":20},"end":{"line":46,"column":70}},{"start":{"line":47,"column":20},"end":{"line":47,"column":26}}]},"3":{"line":51,"type":"cond-expr","locations":[{"start":{"line":52,"column":14},"end":{"line":52,"column":20}},{"start":{"line":53,"column":14},"end":{"line":53,"column":20}}]},"4":{"line":55,"type":"binary-expr","locations":[{"start":{"line":55,"column":16},"end":{"line":55,"column":44}},{"start":{"line":55,"column":49},"end":{"line":57,"column":43}}]},"5":{"line":55,"type":"cond-expr","locations":[{"start":{"line":56,"column":14},"end":{"line":56,"column":58}},{"start":{"line":57,"column":14},"end":{"line":57,"column":43}}]},"6":{"line":61,"type":"switch","locations":[{"start":{"line":68,"column":4},"end":{"line":150,"column":14},"skip":true},{"start":{"line":156,"column":4},"end":{"line":324,"column":14},"skip":true}]},"7":{"line":70,"type":"if","locations":[{"start":{"line":70,"column":12},"end":{"line":70,"column":12},"skip":true},{"start":{"line":70,"column":12},"end":{"line":70,"column":12},"skip":true}]},"8":{"line":70,"type":"binary-expr","locations":[{"start":{"line":70,"column":16},"end":{"line":70,"column":22},"skip":true},{"start":{"line":70,"column":27},"end":{"line":70,"column":32},"skip":true},{"start":{"line":71,"column":20},"end":{"line":71,"column":39},"skip":true},{"start":{"line":72,"column":20},"end":{"line":72,"column":49},"skip":true},{"start":{"line":73,"column":20},"end":{"line":73,"column":58},"skip":true},{"start":{"line":74,"column":20},"end":{"line":74,"column":69},"skip":true}]},"9":{"line":79,"type":"switch","locations":[{"start":{"line":80,"column":20},"end":{"line":80,"column":33},"skip":true},{"start":{"line":81,"column":20},"end":{"line":83,"column":30},"skip":true},{"start":{"line":84,"column":20},"end":{"line":85,"column":49},"skip":true}]},"10":{"line":89,"type":"switch","locations":[{"start":{"line":90,"column":12},"end":{"line":103,"column":22},"skip":true},{"start":{"line":105,"column":12},"end":{"line":106,"column":22},"skip":true}]},"11":{"line":89,"type":"binary-expr","locations":[{"start":{"line":89,"column":20},"end":{"line":89,"column":25},"skip":true},{"start":{"line":89,"column":29},"end":{"line":89,"column":48},"skip":true},{"start":{"line":89,"column":52},"end":{"line":89,"column":74},"skip":true}]},"12":{"line":92,"type":"if","locations":[{"start":{"line":92,"column":16},"end":{"line":92,"column":16},"skip":true},{"start":{"line":92,"column":16},"end":{"line":92,"column":16},"skip":true}]},"13":{"line":108,"type":"if","locations":[{"start":{"line":108,"column":12},"end":{"line":108,"column":12},"skip":true},{"start":{"line":108,"column":12},"end":{"line":108,"column":12},"skip":true}]},"14":{"line":108,"type":"binary-expr","locations":[{"start":{"line":108,"column":16},"end":{"line":108,"column":61},"skip":true},{"start":{"line":108,"column":66},"end":{"line":108,"column":72},"skip":true},{"start":{"line":108,"column":77},"end":{"line":108,"column":82},"skip":true},{"start":{"line":109,"column":20},"end":{"line":109,"column":39},"skip":true},{"start":{"line":110,"column":20},"end":{"line":110,"column":49},"skip":true},{"start":{"line":111,"column":20},"end":{"line":111,"column":58},"skip":true},{"start":{"line":112,"column":20},"end":{"line":112,"column":68},"skip":true}]},"15":{"line":129,"type":"if","locations":[{"start":{"line":129,"column":16},"end":{"line":129,"column":16},"skip":true},{"start":{"line":129,"column":16},"end":{"line":129,"column":16},"skip":true}]},"16":{"line":134,"type":"cond-expr","locations":[{"start":{"line":135,"column":26},"end":{"line":135,"column":29},"skip":true},{"start":{"line":136,"column":26},"end":{"line":136,"column":54},"skip":true}]},"17":{"line":164,"type":"binary-expr","locations":[{"start":{"line":164,"column":27},"end":{"line":164,"column":43},"skip":true},{"start":{"line":164,"column":47},"end":{"line":164,"column":49},"skip":true}]},"18":{"line":258,"type":"if","locations":[{"start":{"line":258,"column":8},"end":{"line":258,"column":8},"skip":true},{"start":{"line":258,"column":8},"end":{"line":258,"column":8},"skip":true}]},"19":{"line":275,"type":"switch","locations":[{"start":{"line":276,"column":20},"end":{"line":277,"column":64},"skip":true},{"start":{"line":278,"column":20},"end":{"line":279,"column":40},"skip":true},{"start":{"line":280,"column":20},"end":{"line":281,"column":40},"skip":true},{"start":{"line":282,"column":20},"end":{"line":283,"column":39},"skip":true}]},"20":{"line":288,"type":"if","locations":[{"start":{"line":288,"column":8},"end":{"line":288,"column":8},"skip":true},{"start":{"line":288,"column":8},"end":{"line":288,"column":8},"skip":true}]},"21":{"line":288,"type":"binary-expr","locations":[{"start":{"line":288,"column":12},"end":{"line":288,"column":40},"skip":true},{"start":{"line":288,"column":44},"end":{"line":288,"column":67},"skip":true}]},"22":{"line":292,"type":"binary-expr","locations":[{"start":{"line":292,"column":12},"end":{"line":292,"column":50},"skip":true},{"start":{"line":293,"column":12},"end":{"line":293,"column":53},"skip":true}]},"23":{"line":297,"type":"binary-expr","locations":[{"start":{"line":297,"column":12},"end":{"line":297,"column":72},"skip":true},{"start":{"line":298,"column":12},"end":{"line":301,"column":36},"skip":true}]},"24":{"line":303,"type":"binary-expr","locations":[{"start":{"line":303,"column":43},"end":{"line":303,"column":75},"skip":true},{"start":{"line":303,"column":79},"end":{"line":303,"column":81},"skip":true}]},"25":{"line":306,"type":"if","locations":[{"start":{"line":306,"column":8},"end":{"line":306,"column":8},"skip":true},{"start":{"line":306,"column":8},"end":{"line":306,"column":8},"skip":true}]},"26":{"line":310,"type":"if","locations":[{"start":{"line":310,"column":8},"end":{"line":310,"column":8},"skip":true},{"start":{"line":310,"column":8},"end":{"line":310,"column":8},"skip":true}]},"27":{"line":313,"type":"binary-expr","locations":[{"start":{"line":313,"column":27},"end":{"line":313,"column":43},"skip":true},{"start":{"line":313,"column":47},"end":{"line":313,"column":53},"skip":true}]},"28":{"line":317,"type":"if","locations":[{"start":{"line":317,"column":12},"end":{"line":317,"column":12},"skip":true},{"start":{"line":317,"column":12},"end":{"line":317,"column":12},"skip":true}]}},"code":["/*","example.js","","quickstart example","","instruction","    1. save this script as example.js","    2. run the shell command:","        $ npm install npmtest-electron-forge && PORT=8081 node example.js","    3. play with the browser-demo on http://127.0.0.1:8081","*/","","","","/* istanbul instrument in package npmtest_electron_forge */","/*jslint","    bitwise: true,","    browser: true,","    maxerr: 8,","    maxlen: 96,","    node: true,","    nomen: true,","    regexp: true,","    stupid: true","*/","(function () {","    'use strict';","    var local;","","","","    // run shared js-env code - pre-init","    (function () {","        // init local","        local = {};","        // init modeJs","        local.modeJs = (function () {","            try {","                return typeof navigator.userAgent === 'string' &&","                    typeof document.querySelector('body') === 'object' &&","                    typeof XMLHttpRequest.prototype.open === 'function' &&","                    'browser';","            } catch (errorCaughtBrowser) {","                return module.exports &&","                    typeof process.versions.node === 'string' &&","                    typeof require('http').createServer === 'function' &&","                    'node';","            }","        }());","        // init global","        local.global = local.modeJs === 'browser'","            ? window","            : global;","        // init utility2_rollup","        local = local.global.utility2_rollup || (local.modeJs === 'browser'","            ? local.global.utility2_npmtest_electron_forge","            : global.utility2_moduleExports);","        // export local","        local.global.local = local;","    }());","    switch (local.modeJs) {","","","","    // post-init","    // run browser js-env code - post-init","    /* istanbul ignore next */","    case 'browser':","        local.testRunBrowser = function (event) {","            if (!event || (event &&","                    event.currentTarget &&","                    event.currentTarget.className &&","                    event.currentTarget.className.includes &&","                    event.currentTarget.className.includes('onreset'))) {","                // reset output","                Array.from(","                    document.querySelectorAll('body > .resettable')","                ).forEach(function (element) {","                    switch (element.tagName) {","                    case 'INPUT':","                    case 'TEXTAREA':","                        element.value = '';","                        break;","                    default:","                        element.textContent = '';","                    }","                });","            }","            switch (event && event.currentTarget && event.currentTarget.id) {","            case 'testRunButton1':","                // show tests","                if (document.querySelector('#testReportDiv1').style.display === 'none') {","                    document.querySelector('#testReportDiv1').style.display = 'block';","                    document.querySelector('#testRunButton1').textContent =","                        'hide internal test';","                    local.modeTest = true;","                    local.testRunDefault(local);","                // hide tests","                } else {","                    document.querySelector('#testReportDiv1').style.display = 'none';","                    document.querySelector('#testRunButton1').textContent = 'run internal test';","                }","                break;","            // custom-case","            default:","                break;","            }","            if (document.querySelector('#inputTextareaEval1') && (!event || (event &&","                    event.currentTarget &&","                    event.currentTarget.className &&","                    event.currentTarget.className.includes &&","                    event.currentTarget.className.includes('oneval')))) {","                // try to eval input-code","                try {","                    /*jslint evil: true*/","                    eval(document.querySelector('#inputTextareaEval1').value);","                } catch (errorCaught) {","                    console.error(errorCaught);","                }","            }","        };","        // log stderr and stdout to #outputTextareaStdout1","        ['error', 'log'].forEach(function (key) {","            console[key + '_original'] = console[key];","            console[key] = function () {","                var element;","                console[key + '_original'].apply(console, arguments);","                element = document.querySelector('#outputTextareaStdout1');","                if (!element) {","                    return;","                }","                // append text to #outputTextareaStdout1","                element.value += Array.from(arguments).map(function (arg) {","                    return typeof arg === 'string'","                        ? arg","                        : JSON.stringify(arg, null, 4);","                }).join(' ') + '\\n';","                // scroll textarea to bottom","                element.scrollTop = element.scrollHeight;","            };","        });","        // init event-handling","        ['change', 'click', 'keyup'].forEach(function (event) {","            Array.from(document.querySelectorAll('.on' + event)).forEach(function (element) {","                element.addEventListener(event, local.testRunBrowser);","            });","        });","        // run tests","        local.testRunBrowser();","        break;","","","","    // run node js-env code - post-init","    /* istanbul ignore next */","    case 'node':","        // export local","        module.exports = local;","        // require modules","        local.fs = require('fs');","        local.http = require('http');","        local.url = require('url');","        // init assets","        local.assetsDict = local.assetsDict || {};","        /* jslint-ignore-begin */","        local.assetsDict['/assets.index.template.html'] = '\\","<!doctype html>\\n\\","<html lang=\"en\">\\n\\","<head>\\n\\","<meta charset=\"UTF-8\">\\n\\","<meta name=\"viewport\" content=\"width=device-width, initial-scale=1\">\\n\\","<title>{{env.npm_package_name}} (v{{env.npm_package_version}})</title>\\n\\","<style>\\n\\","/*csslint\\n\\","    box-sizing: false,\\n\\","    universal-selector: false\\n\\","*/\\n\\","* {\\n\\","    box-sizing: border-box;\\n\\","}\\n\\","body {\\n\\","    background: #dde;\\n\\","    font-family: Arial, Helvetica, sans-serif;\\n\\","    margin: 2rem;\\n\\","}\\n\\","body > * {\\n\\","    margin-bottom: 1rem;\\n\\","}\\n\\",".utility2FooterDiv {\\n\\","    margin-top: 20px;\\n\\","    text-align: center;\\n\\","}\\n\\","</style>\\n\\","<style>\\n\\","/*csslint\\n\\","*/\\n\\","textarea {\\n\\","    font-family: monospace;\\n\\","    height: 10rem;\\n\\","    width: 100%;\\n\\","}\\n\\","textarea[readonly] {\\n\\","    background: #ddd;\\n\\","}\\n\\","</style>\\n\\","</head>\\n\\","<body>\\n\\","<!-- utility2-comment\\n\\","<div id=\"ajaxProgressDiv1\" style=\"background: #d00; height: 2px; left: 0; margin: 0; padding: 0; position: fixed; top: 0; transition: background 0.5s, width 1.5s; width: 25%;\"></div>\\n\\","utility2-comment -->\\n\\","<h1>\\n\\","<!-- utility2-comment\\n\\","    <a\\n\\","        {{#if env.npm_package_homepage}}\\n\\","        href=\"{{env.npm_package_homepage}}\"\\n\\","        {{/if env.npm_package_homepage}}\\n\\","        target=\"_blank\"\\n\\","    >\\n\\","utility2-comment -->\\n\\","        {{env.npm_package_name}} (v{{env.npm_package_version}})\\n\\","<!-- utility2-comment\\n\\","    </a>\\n\\","utility2-comment -->\\n\\","</h1>\\n\\","<h3>{{env.npm_package_description}}</h3>\\n\\","<!-- utility2-comment\\n\\","<h4><a download href=\"assets.app.js\">download standalone app</a></h4>\\n\\","<button class=\"onclick onreset\" id=\"testRunButton1\">run internal test</button><br>\\n\\","<div id=\"testReportDiv1\" style=\"display: none;\"></div>\\n\\","utility2-comment -->\\n\\","\\n\\","\\n\\","\\n\\","<label>stderr and stdout</label>\\n\\","<textarea class=\"resettable\" id=\"outputTextareaStdout1\" readonly></textarea>\\n\\","<!-- utility2-comment\\n\\","{{#if isRollup}}\\n\\","<script src=\"assets.app.js\"></script>\\n\\","{{#unless isRollup}}\\n\\","utility2-comment -->\\n\\","<script src=\"assets.utility2.rollup.js\"></script>\\n\\","<script src=\"jsonp.utility2._stateInit?callback=window.utility2._stateInit\"></script>\\n\\","<script src=\"assets.npmtest_electron_forge.rollup.js\"></script>\\n\\","<script src=\"assets.example.js\"></script>\\n\\","<script src=\"assets.test.js\"></script>\\n\\","<!-- utility2-comment\\n\\","{{/if isRollup}}\\n\\","utility2-comment -->\\n\\","<div class=\"utility2FooterDiv\">\\n\\","    [ this app was created with\\n\\","    <a href=\"https://github.com/kaizhu256/node-utility2\" target=\"_blank\">utility2</a>\\n\\","    ]\\n\\","</div>\\n\\","</body>\\n\\","</html>\\n\\","';","        /* jslint-ignore-end */","        if (local.templateRender) {","            local.assetsDict['/'] = local.templateRender(","                local.assetsDict['/assets.index.template.html'],","                {","                    env: local.objectSetDefault(local.env, {","                        npm_package_description: 'the greatest app in the world!',","                        npm_package_name: 'my-app',","                        npm_package_nameAlias: 'my_app',","                        npm_package_version: '0.0.1'","                    })","                }","            );","        } else {","            local.assetsDict['/'] = local.assetsDict['/assets.index.template.html']","                .replace((/\\{\\{env\\.(\\w+?)\\}\\}/g), function (match0, match1) {","                    // jslint-hack","                    String(match0);","                    switch (match1) {","                    case 'npm_package_description':","                        return 'the greatest app in the world!';","                    case 'npm_package_name':","                        return 'my-app';","                    case 'npm_package_nameAlias':","                        return 'my_app';","                    case 'npm_package_version':","                        return '0.0.1';","                    }","                });","        }","        // run the cli","        if (local.global.utility2_rollup || module !== require.main) {","            break;","        }","        local.assetsDict['/assets.example.js'] =","            local.assetsDict['/assets.example.js'] ||","            local.fs.readFileSync(__filename, 'utf8');","        // bug-workaround - long $npm_package_buildCustomOrg","        /* jslint-ignore-begin */","        local.assetsDict['/assets.npmtest_electron_forge.rollup.js'] =","            local.assetsDict['/assets.npmtest_electron_forge.rollup.js'] ||","            local.fs.readFileSync(","                local.npmtest_electron_forge.__dirname + '/lib.npmtest_electron_forge.js',","                'utf8'","            ).replace((/^#!/), '//');","        /* jslint-ignore-end */","        local.assetsDict['/favicon.ico'] = local.assetsDict['/favicon.ico'] || '';","        // if $npm_config_timeout_exit exists,","        // then exit this process after $npm_config_timeout_exit ms","        if (Number(process.env.npm_config_timeout_exit)) {","            setTimeout(process.exit, Number(process.env.npm_config_timeout_exit));","        }","        // start server","        if (local.global.utility2_serverHttp1) {","            break;","        }","        process.env.PORT = process.env.PORT || '8081';","        console.error('server starting on port ' + process.env.PORT);","        local.http.createServer(function (request, response) {","            request.urlParsed = local.url.parse(request.url);","            if (local.assetsDict[request.urlParsed.pathname] !== undefined) {","                response.end(local.assetsDict[request.urlParsed.pathname]);","                return;","            }","            response.statusCode = 404;","            response.end();","        }).listen(process.env.PORT);","        break;","    }","}());",""],"l":{"26":2,"28":2,"33":2,"35":2,"37":2,"38":2,"39":2,"44":1,"51":2,"55":2,"59":2,"61":2,"69":1,"70":2,"76":2,"79":2,"82":2,"83":2,"85":1,"89":2,"92":1,"93":1,"94":1,"96":1,"97":1,"100":1,"101":1,"103":1,"106":1,"108":2,"114":1,"116":1,"118":1,"123":1,"124":2,"125":2,"126":3,"127":3,"128":3,"129":3,"130":1,"133":3,"134":3,"139":3,"143":1,"144":3,"145":1,"149":1,"150":1,"158":1,"160":1,"161":1,"162":1,"164":1,"166":1,"258":1,"259":1,"271":1,"274":6,"275":6,"277":1,"279":2,"281":1,"283":2,"288":1,"289":1,"291":1,"296":1,"303":1,"306":1,"307":1,"310":1,"311":1,"313":1,"314":1,"315":1,"316":1,"317":1,"318":1,"319":1,"321":1,"322":1,"324":1}},"/home/travis/build/npmtest/node-npmtest-electron-forge/node_modules/electron-forge/dist/api/index.js":{"path":"/home/travis/build/npmtest/node-npmtest-electron-forge/node_modules/electron-forge/dist/api/index.js","s":{"1":2,"2":2,"3":2,"4":2,"5":2,"6":2,"7":0,"8":0,"9":0,"10":0,"11":0,"12":0,"13":0,"14":0,"15":0,"16":0,"17":0,"18":0,"19":0,"20":0,"21":0,"22":1,"23":4,"24":0},"b":{"1":[4,0],"2":[4,4]},"f":{"1":4},"fnMap":{"1":{"name":"_interopRequireDefault","line":45,"loc":{"start":{"line":45,"column":0},"end":{"line":45,"column":37}}}},"statementMap":{"1":{"start":{"line":3,"column":0},"end":{"line":3,"column":18}},"2":{"start":{"line":5,"column":0},"end":{"line":5,"column":35}},"3":{"start":{"line":7,"column":0},"end":{"line":7,"column":48}},"4":{"start":{"line":9,"column":0},"end":{"line":9,"column":30}},"5":{"start":{"line":11,"column":0},"end":{"line":11,"column":43}},"6":{"start":{"line":13,"column":0},"end":{"line":13,"column":36}},"7":{"start":{"line":15,"column":0},"end":{"line":15,"column":49}},"8":{"start":{"line":17,"column":0},"end":{"line":17,"column":30}},"9":{"start":{"line":19,"column":0},"end":{"line":19,"column":43}},"10":{"start":{"line":21,"column":0},"end":{"line":21,"column":30}},"11":{"start":{"line":23,"column":0},"end":{"line":23,"column":43}},"12":{"start":{"line":25,"column":0},"end":{"line":25,"column":37}},"13":{"start":{"line":27,"column":0},"end":{"line":27,"column":50}},"14":{"start":{"line":29,"column":0},"end":{"line":29,"column":36}},"15":{"start":{"line":31,"column":0},"end":{"line":31,"column":49}},"16":{"start":{"line":33,"column":0},"end":{"line":33,"column":32}},"17":{"start":{"line":35,"column":0},"end":{"line":35,"column":45}},"18":{"start":{"line":37,"column":0},"end":{"line":37,"column":51}},"19":{"start":{"line":39,"column":0},"end":{"line":39,"column":57}},"20":{"start":{"line":41,"column":0},"end":{"line":41,"column":60}},"21":{"start":{"line":43,"column":0},"end":{"line":43,"column":65}},"22":{"start":{"line":45,"column":0},"end":{"line":45,"column":95}},"23":{"start":{"line":45,"column":39},"end":{"line":45,"column":93}},"24":{"start":{"line":47,"column":0},"end":{"line":60,"column":2}}},"branchMap":{"1":{"line":45,"type":"cond-expr","locations":[{"start":{"line":45,"column":70},"end":{"line":45,"column":73}},{"start":{"line":45,"column":76},"end":{"line":45,"column":92}}]},"2":{"line":45,"type":"binary-expr","locations":[{"start":{"line":45,"column":46},"end":{"line":45,"column":49}},{"start":{"line":45,"column":53},"end":{"line":45,"column":67}}]}},"code":["'use strict';","","require('colors');","","var _import2 = require('./import');","","var _import3 = _interopRequireDefault(_import2);","","var _init = require('./init');","","var _init2 = _interopRequireDefault(_init);","","var _install = require('./install');","","var _install2 = _interopRequireDefault(_install);","","var _lint = require('./lint');","","var _lint2 = _interopRequireDefault(_lint);","","var _make = require('./make');","","var _make2 = _interopRequireDefault(_make);","","var _package2 = require('./package');","","var _package3 = _interopRequireDefault(_package2);","","var _publish = require('./publish');","","var _publish2 = _interopRequireDefault(_publish);","","var _start = require('./start');","","var _start2 = _interopRequireDefault(_start);","","var _forgeConfig = require('../util/forge-config');","","var _forgeConfig2 = _interopRequireDefault(_forgeConfig);","","var _readPackageJson = require('../util/read-package-json');","","var _readPackageJson2 = _interopRequireDefault(_readPackageJson);","","function _interopRequireDefault(obj) { return obj && obj.__esModule ? obj : { default: obj }; }","","module.exports = {","  'import': _import3.default, // eslint-disable-line","  init: _init2.default,","  install: _install2.default,","  lint: _lint2.default,","  make: _make2.default,","  'package': _package3.default, // eslint-disable-line","  publish: _publish2.default,","  start: _start2.default,","  utils: {","    getForgeConfig: _forgeConfig2.default,","    readPackageJSON: _readPackageJson2.default","  }","};"],"l":{"3":2,"5":2,"7":2,"9":2,"11":2,"13":2,"15":0,"17":0,"19":0,"21":0,"23":0,"25":0,"27":0,"29":0,"31":0,"33":0,"35":0,"37":0,"39":0,"41":0,"43":0,"45":4,"47":0}},"/home/travis/build/npmtest/node-npmtest-electron-forge/node_modules/electron-forge/dist/api/import.js":{"path":"/home/travis/build/npmtest/node-npmtest-electron-forge/node_modules/electron-forge/dist/api/import.js","s":{"1":1,"2":1,"3":1,"4":1,"5":1,"6":1,"7":1,"8":1,"9":1,"10":1,"11":1,"12":1,"13":1,"14":1,"15":1,"16":1,"17":1,"18":1,"19":1,"20":1,"21":1,"22":1,"23":1,"24":1,"25":1,"26":1,"27":1,"28":1,"29":1,"30":1,"31":1,"32":1,"33":1,"34":1,"35":1,"36":1,"37":15,"38":1,"39":1,"40":1,"41":0,"42":0,"43":0,"44":0,"45":0,"46":0,"47":0,"48":0,"49":0,"50":0,"51":0,"52":0,"53":0,"54":0,"55":0,"56":0,"57":0,"58":0,"59":0,"60":0,"61":0,"62":0,"63":0,"64":0,"65":0,"66":0,"67":0,"68":0,"69":0,"70":0,"71":0,"72":0,"73":0,"74":0,"75":0,"76":0,"77":0,"78":0,"79":0,"80":0,"81":0,"82":0,"83":0,"84":0,"85":0,"86":0,"87":0,"88":0,"89":0,"90":0,"91":0,"92":0,"93":0,"94":0,"95":0,"96":0,"97":0,"98":0,"99":0,"100":0,"101":0,"102":0,"103":0,"104":0,"105":0,"106":0,"107":0,"108":0,"109":0,"110":0,"111":0,"112":0,"113":0,"114":0,"115":0,"116":0,"117":0,"118":0,"119":0,"120":0,"121":0,"122":0,"123":0,"124":0,"125":0,"126":0,"127":0,"128":0,"129":0,"130":0,"131":0,"132":0,"133":0,"134":0,"135":0,"136":0,"137":0,"138":0,"139":0,"140":0,"141":0,"142":0,"143":0,"144":0,"145":0,"146":0,"147":0,"148":0,"149":0,"150":0,"151":0,"152":0,"153":0,"154":0,"155":0,"156":0,"157":0,"158":0,"159":0,"160":0,"161":0,"162":0,"163":0,"164":0,"165":0,"166":0,"167":0,"168":0,"169":0,"170":0,"171":0,"172":0,"173":0,"174":0,"175":0,"176":0,"177":0,"178":0,"179":0,"180":0,"181":0,"182":0,"183":0,"184":0,"185":0,"186":0,"187":0,"188":0,"189":0,"190":0,"191":0,"192":0,"193":0,"194":0,"195":0,"196":0,"197":0,"198":0,"199":0,"200":0,"201":0,"202":0,"203":0,"204":0,"205":0,"206":0,"207":0,"208":0,"209":0,"210":0,"211":0,"212":0,"213":0,"214":0,"215":0,"216":0,"217":0,"218":0,"219":0,"220":0,"221":0,"222":0,"223":0,"224":0,"225":0,"226":0,"227":0,"228":0,"229":0,"230":0,"231":0,"232":0,"233":0,"234":0,"235":0,"236":0,"237":0,"238":0,"239":0,"240":0,"241":0,"242":0,"243":0,"244":0,"245":0,"246":0,"247":0,"248":0,"249":0,"250":0,"251":0,"252":0,"253":0,"254":0,"255":0,"256":0,"257":0,"258":0,"259":0,"260":0,"261":0,"262":0,"263":0,"264":0,"265":0,"266":0,"267":0,"268":0,"269":0,"270":0,"271":0,"272":0,"273":0,"274":0,"275":0,"276":0,"277":0,"278":0,"279":0,"280":0,"281":0,"282":0,"283":0,"284":0,"285":0,"286":0,"287":0,"288":0,"289":0,"290":0,"291":0,"292":0,"293":0,"294":0,"295":0,"296":0,"297":0,"298":0,"299":0,"300":0,"301":0,"302":0,"303":0,"304":0,"305":0,"306":0,"307":0,"308":0,"309":0,"310":0,"311":0,"312":0,"313":0,"314":0,"315":1,"316":0},"b":{"1":[10,5],"2":[15,15],"3":[0,0],"4":[0,0],"5":[0,0,0,0,0,0,0,0,0,0,0,0,0,0,0,0,0,0,0,0,0,0,0,0,0,0,0,0,0,0,0,0,0,0,0,0,0,0,0,0,0,0,0,0],"6":[0,0],"7":[0,0],"8":[0,0],"9":[0,0],"10":[0,0],"11":[0,0],"12":[0,0],"13":[0,0],"14":[0,0],"15":[0,0],"16":[0,0],"17":[0,0],"18":[0,0],"19":[0,0],"20":[0,0],"21":[0,0],"22":[0,0],"23":[0,0],"24":[0,0],"25":[0,0,0,0],"26":[0,0],"27":[0,0],"28":[0,0,0],"29":[0,0,0],"30":[0,0],"31":[0,0],"32":[0,0,0],"33":[0,0],"34":[0,0,0,0,0,0,0,0],"35":[0,0],"36":[0,0],"37":[0,0],"38":[0,0],"39":[0,0,0,0,0],"40":[0,0],"41":[0,0],"42":[0,0],"43":[0,0],"44":[0,0],"45":[0,0,0,0,0,0],"46":[0,0]},"f":{"1":15,"2":1,"3":0,"4":0,"5":0,"6":0,"7":0,"8":0,"9":0,"10":0,"11":0,"12":0,"13":0,"14":0,"15":0,"16":0,"17":0,"18":0,"19":0,"20":0,"21":0,"22":0,"23":0,"24":0,"25":0,"26":0},"fnMap":{"1":{"name":"_interopRequireDefault","line":75,"loc":{"start":{"line":75,"column":0},"end":{"line":75,"column":37}}},"2":{"name":"(anonymous_2)","line":98,"loc":{"start":{"line":98,"column":18},"end":{"line":98,"column":30}}},"3":{"name":"_callee8","line":99,"loc":{"start":{"line":99,"column":65},"end":{"line":99,"column":85}}},"4":{"name":"_callee8$","line":104,"loc":{"start":{"line":104,"column":38},"end":{"line":104,"column":68}}},"5":{"name":"(anonymous_5)","line":316,"loc":{"start":{"line":316,"column":34},"end":{"line":316,"column":46}}},"6":{"name":"_callee","line":317,"loc":{"start":{"line":317,"column":78},"end":{"line":317,"column":117}}},"7":{"name":"_callee$","line":319,"loc":{"start":{"line":319,"column":50},"end":{"line":319,"column":78}}},"8":{"name":"updatePackageScript","line":346,"loc":{"start":{"line":346,"column":21},"end":{"line":346,"column":60}}},"9":{"name":"(anonymous_9)","line":366,"loc":{"start":{"line":366,"column":27},"end":{"line":366,"column":39}}},"10":{"name":"_callee3","line":367,"loc":{"start":{"line":367,"column":78},"end":{"line":367,"column":98}}},"11":{"name":"_callee3$","line":368,"loc":{"start":{"line":368,"column":50},"end":{"line":368,"column":80}}},"12":{"name":"_callee2","line":373,"loc":{"start":{"line":373,"column":147},"end":{"line":373,"column":167}}},"13":{"name":"_callee2$","line":374,"loc":{"start":{"line":374,"column":60},"end":{"line":374,"column":90}}},"14":{"name":"writeChanges","line":397,"loc":{"start":{"line":397,"column":21},"end":{"line":397,"column":45}}},"15":{"name":"_callee4","line":429,"loc":{"start":{"line":429,"column":124},"end":{"line":429,"column":144}}},"16":{"name":"_callee4$","line":430,"loc":{"start":{"line":430,"column":48},"end":{"line":430,"column":78}}},"17":{"name":"(anonymous_17)","line":435,"loc":{"start":{"line":435,"column":51},"end":{"line":435,"column":70}}},"18":{"name":"(anonymous_18)","line":441,"loc":{"start":{"line":441,"column":41},"end":{"line":441,"column":53}}},"19":{"name":"_callee5","line":456,"loc":{"start":{"line":456,"column":124},"end":{"line":456,"column":144}}},"20":{"name":"_callee5$","line":457,"loc":{"start":{"line":457,"column":48},"end":{"line":457,"column":78}}},"21":{"name":"(anonymous_21)","line":494,"loc":{"start":{"line":494,"column":95},"end":{"line":494,"column":110}}},"22":{"name":"_callee6","line":532,"loc":{"start":{"line":532,"column":118},"end":{"line":532,"column":138}}},"23":{"name":"_callee6$","line":534,"loc":{"start":{"line":534,"column":48},"end":{"line":534,"column":78}}},"24":{"name":"_callee7","line":606,"loc":{"start":{"line":606,"column":130},"end":{"line":606,"column":150}}},"25":{"name":"_callee7$","line":608,"loc":{"start":{"line":608,"column":48},"end":{"line":608,"column":78}}},"26":{"name":"(anonymous_26)","line":661,"loc":{"start":{"line":661,"column":9},"end":{"line":661,"column":21}}}},"statementMap":{"1":{"start":{"line":3,"column":0},"end":{"line":5,"column":3}},"2":{"start":{"line":7,"column":0},"end":{"line":7,"column":66}},"3":{"start":{"line":9,"column":0},"end":{"line":9,"column":58}},"4":{"start":{"line":11,"column":0},"end":{"line":11,"column":56}},"5":{"start":{"line":13,"column":0},"end":{"line":13,"column":49}},"6":{"start":{"line":15,"column":0},"end":{"line":15,"column":65}},"7":{"start":{"line":17,"column":0},"end":{"line":17,"column":53}},"8":{"start":{"line":19,"column":0},"end":{"line":19,"column":56}},"9":{"start":{"line":21,"column":0},"end":{"line":21,"column":57}},"10":{"start":{"line":23,"column":0},"end":{"line":23,"column":57}},"11":{"start":{"line":25,"column":0},"end":{"line":25,"column":43}},"12":{"start":{"line":27,"column":0},"end":{"line":27,"column":61}},"13":{"start":{"line":29,"column":0},"end":{"line":29,"column":47}},"14":{"start":{"line":31,"column":0},"end":{"line":31,"column":36}},"15":{"start":{"line":33,"column":0},"end":{"line":33,"column":30}},"16":{"start":{"line":35,"column":0},"end":{"line":35,"column":45}},"17":{"start":{"line":37,"column":0},"end":{"line":37,"column":39}},"18":{"start":{"line":39,"column":0},"end":{"line":39,"column":53}},"19":{"start":{"line":41,"column":0},"end":{"line":41,"column":36}},"20":{"start":{"line":43,"column":0},"end":{"line":43,"column":51}},"21":{"start":{"line":45,"column":0},"end":{"line":45,"column":28}},"22":{"start":{"line":47,"column":0},"end":{"line":47,"column":43}},"23":{"start":{"line":49,"column":0},"end":{"line":49,"column":40}},"24":{"start":{"line":51,"column":0},"end":{"line":51,"column":43}},"25":{"start":{"line":53,"column":0},"end":{"line":53,"column":49}},"26":{"start":{"line":55,"column":0},"end":{"line":55,"column":43}},"27":{"start":{"line":57,"column":0},"end":{"line":57,"column":49}},"28":{"start":{"line":59,"column":0},"end":{"line":59,"column":55}},"29":{"start":{"line":61,"column":0},"end":{"line":61,"column":44}},"30":{"start":{"line":63,"column":0},"end":{"line":63,"column":67}},"31":{"start":{"line":65,"column":0},"end":{"line":65,"column":73}},"32":{"start":{"line":67,"column":0},"end":{"line":67,"column":60}},"33":{"start":{"line":69,"column":0},"end":{"line":69,"column":65}},"34":{"start":{"line":71,"column":0},"end":{"line":71,"column":70}},"35":{"start":{"line":73,"column":0},"end":{"line":73,"column":75}},"36":{"start":{"line":75,"column":0},"end":{"line":75,"column":95}},"37":{"start":{"line":75,"column":39},"end":{"line":75,"column":93}},"38":{"start":{"line":77,"column":0},"end":{"line":77,"column":54}},"39":{"start":{"line":98,"column":0},"end":{"line":664,"column":4}},"40":{"start":{"line":99,"column":2},"end":{"line":659,"column":6}},"41":{"start":{"line":100,"column":4},"end":{"line":100,"column":97}},"42":{"start":{"line":102,"column":4},"end":{"line":102,"column":415}},"43":{"start":{"line":104,"column":4},"end":{"line":658,"column":63}},"44":{"start":{"line":105,"column":6},"end":{"line":657,"column":7}},"45":{"start":{"line":106,"column":8},"end":{"line":656,"column":9}},"46":{"start":{"line":108,"column":12},"end":{"line":112,"column":146}},"47":{"start":{"line":113,"column":12},"end":{"line":113,"column":53}},"48":{"start":{"line":115,"column":12},"end":{"line":115,"column":59}},"49":{"start":{"line":117,"column":12},"end":{"line":117,"column":57}},"50":{"start":{"line":118,"column":12},"end":{"line":118,"column":31}},"51":{"start":{"line":119,"column":12},"end":{"line":119,"column":51}},"52":{"start":{"line":122,"column":12},"end":{"line":122,"column":43}},"53":{"start":{"line":124,"column":12},"end":{"line":127,"column":13}},"54":{"start":{"line":125,"column":14},"end":{"line":125,"column":34}},"55":{"start":{"line":126,"column":14},"end":{"line":126,"column":20}},"56":{"start":{"line":129,"column":12},"end":{"line":129,"column":32}},"57":{"start":{"line":130,"column":12},"end":{"line":130,"column":91}},"58":{"start":{"line":133,"column":12},"end":{"line":133,"column":43}},"59":{"start":{"line":136,"column":12},"end":{"line":139,"column":13}},"60":{"start":{"line":137,"column":14},"end":{"line":137,"column":34}},"61":{"start":{"line":138,"column":14},"end":{"line":138,"column":20}},"62":{"start":{"line":141,"column":12},"end":{"line":141,"column":59}},"63":{"start":{"line":144,"column":12},"end":{"line":144,"column":32}},"64":{"start":{"line":145,"column":12},"end":{"line":145,"column":202}},"65":{"start":{"line":148,"column":12},"end":{"line":148,"column":37}},"66":{"start":{"line":151,"column":12},"end":{"line":153,"column":13}},"67":{"start":{"line":152,"column":14},"end":{"line":152,"column":30}},"68":{"start":{"line":155,"column":12},"end":{"line":155,"column":32}},"69":{"start":{"line":156,"column":12},"end":{"line":156,"column":47}},"70":{"start":{"line":159,"column":12},"end":{"line":159,"column":32}},"71":{"start":{"line":160,"column":12},"end":{"line":160,"column":55}},"72":{"start":{"line":163,"column":12},"end":{"line":163,"column":41}},"73":{"start":{"line":165,"column":12},"end":{"line":168,"column":13}},"74":{"start":{"line":166,"column":14},"end":{"line":166,"column":34}},"75":{"start":{"line":167,"column":14},"end":{"line":167,"column":20}},"76":{"start":{"line":170,"column":12},"end":{"line":170,"column":124}},"77":{"start":{"line":171,"column":12},"end":{"line":171,"column":32}},"78":{"start":{"line":172,"column":12},"end":{"line":172,"column":106}},"79":{"start":{"line":175,"column":12},"end":{"line":175,"column":44}},"80":{"start":{"line":178,"column":12},"end":{"line":180,"column":13}},"81":{"start":{"line":179,"column":14},"end":{"line":179,"column":30}},"82":{"start":{"line":183,"column":12},"end":{"line":183,"column":32}},"83":{"start":{"line":184,"column":12},"end":{"line":184,"column":225}},"84":{"start":{"line":187,"column":12},"end":{"line":187,"column":46}},"85":{"start":{"line":189,"column":12},"end":{"line":192,"column":13}},"86":{"start":{"line":190,"column":14},"end":{"line":190,"column":34}},"87":{"start":{"line":191,"column":14},"end":{"line":191,"column":20}},"88":{"start":{"line":194,"column":12},"end":{"line":194,"column":32}},"89":{"start":{"line":195,"column":12},"end":{"line":200,"column":15}},"90":{"start":{"line":203,"column":12},"end":{"line":203,"column":35}},"91":{"start":{"line":204,"column":12},"end":{"line":204,"column":36}},"92":{"start":{"line":206,"column":12},"end":{"line":206,"column":39}},"93":{"start":{"line":210,"column":12},"end":{"line":210,"column":70}},"94":{"start":{"line":211,"column":12},"end":{"line":211,"column":76}},"95":{"start":{"line":213,"column":12},"end":{"line":213,"column":122}},"96":{"start":{"line":214,"column":12},"end":{"line":224,"column":14}},"97":{"start":{"line":225,"column":12},"end":{"line":225,"column":34}},"98":{"start":{"line":226,"column":12},"end":{"line":226,"column":45}},"99":{"start":{"line":227,"column":12},"end":{"line":227,"column":38}},"100":{"start":{"line":228,"column":12},"end":{"line":228,"column":39}},"101":{"start":{"line":229,"column":12},"end":{"line":229,"column":32}},"102":{"start":{"line":230,"column":12},"end":{"line":230,"column":57}},"103":{"start":{"line":233,"column":12},"end":{"line":236,"column":13}},"104":{"start":{"line":234,"column":14},"end":{"line":234,"column":34}},"105":{"start":{"line":235,"column":14},"end":{"line":235,"column":20}},"106":{"start":{"line":238,"column":12},"end":{"line":238,"column":30}},"107":{"start":{"line":240,"column":12},"end":{"line":243,"column":13}},"108":{"start":{"line":241,"column":14},"end":{"line":241,"column":34}},"109":{"start":{"line":242,"column":14},"end":{"line":242,"column":20}},"110":{"start":{"line":245,"column":12},"end":{"line":245,"column":49}},"111":{"start":{"line":246,"column":12},"end":{"line":246,"column":52}},"112":{"start":{"line":247,"column":12},"end":{"line":247,"column":31}},"113":{"start":{"line":248,"column":12},"end":{"line":248,"column":32}},"114":{"start":{"line":249,"column":12},"end":{"line":249,"column":18}},"115":{"start":{"line":252,"column":12},"end":{"line":255,"column":13}},"116":{"start":{"line":253,"column":14},"end":{"line":253,"column":34}},"117":{"start":{"line":254,"column":14},"end":{"line":254,"column":20}},"118":{"start":{"line":257,"column":12},"end":{"line":257,"column":49}},"119":{"start":{"line":260,"column":12},"end":{"line":260,"column":32}},"120":{"start":{"line":261,"column":12},"end":{"line":261,"column":178}},"121":{"start":{"line":264,"column":12},"end":{"line":264,"column":52}},"122":{"start":{"line":267,"column":12},"end":{"line":270,"column":13}},"123":{"start":{"line":268,"column":14},"end":{"line":268,"column":51}},"124":{"start":{"line":269,"column":14},"end":{"line":269,"column":54}},"125":{"start":{"line":273,"column":12},"end":{"line":273,"column":45}},"126":{"start":{"line":274,"column":12},"end":{"line":274,"column":32}},"127":{"start":{"line":275,"column":12},"end":{"line":275,"column":18}},"128":{"start":{"line":278,"column":12},"end":{"line":278,"column":32}},"129":{"start":{"line":279,"column":12},"end":{"line":279,"column":18}},"130":{"start":{"line":282,"column":12},"end":{"line":282,"column":32}},"131":{"start":{"line":283,"column":12},"end":{"line":283,"column":50}},"132":{"start":{"line":284,"column":12},"end":{"line":284,"column":37}},"133":{"start":{"line":285,"column":12},"end":{"line":285,"column":42}},"134":{"start":{"line":288,"column":12},"end":{"line":288,"column":32}},"135":{"start":{"line":289,"column":12},"end":{"line":289,"column":32}},"136":{"start":{"line":291,"column":12},"end":{"line":293,"column":13}},"137":{"start":{"line":292,"column":14},"end":{"line":292,"column":33}},"138":{"start":{"line":296,"column":12},"end":{"line":296,"column":32}},"139":{"start":{"line":298,"column":12},"end":{"line":301,"column":13}},"140":{"start":{"line":299,"column":14},"end":{"line":299,"column":34}},"141":{"start":{"line":300,"column":14},"end":{"line":300,"column":20}},"142":{"start":{"line":303,"column":12},"end":{"line":303,"column":33}},"143":{"start":{"line":306,"column":12},"end":{"line":306,"column":40}},"144":{"start":{"line":309,"column":12},"end":{"line":309,"column":40}},"145":{"start":{"line":313,"column":12},"end":{"line":313,"column":60}},"146":{"start":{"line":314,"column":12},"end":{"line":314,"column":70}},"147":{"start":{"line":316,"column":12},"end":{"line":349,"column":16}},"148":{"start":{"line":317,"column":14},"end":{"line":344,"column":18}},"149":{"start":{"line":318,"column":16},"end":{"line":318,"column":33}},"150":{"start":{"line":319,"column":16},"end":{"line":343,"column":39}},"151":{"start":{"line":320,"column":18},"end":{"line":342,"column":19}},"152":{"start":{"line":321,"column":20},"end":{"line":341,"column":21}},"153":{"start":{"line":323,"column":24},"end":{"line":326,"column":25}},"154":{"start":{"line":324,"column":26},"end":{"line":324,"column":44}},"155":{"start":{"line":325,"column":26},"end":{"line":325,"column":32}},"156":{"start":{"line":328,"column":24},"end":{"line":328,"column":42}},"157":{"start":{"line":329,"column":24},"end":{"line":329,"column":214}},"158":{"start":{"line":332,"column":24},"end":{"line":332,"column":53}},"159":{"start":{"line":334,"column":24},"end":{"line":336,"column":25}},"160":{"start":{"line":335,"column":26},"end":{"line":335,"column":69}},"161":{"start":{"line":340,"column":24},"end":{"line":340,"column":47}},"162":{"start":{"line":346,"column":14},"end":{"line":348,"column":16}},"163":{"start":{"line":347,"column":16},"end":{"line":347,"column":52}},"164":{"start":{"line":351,"column":12},"end":{"line":351,"column":32}},"165":{"start":{"line":352,"column":12},"end":{"line":352,"column":72}},"166":{"start":{"line":355,"column":12},"end":{"line":355,"column":32}},"167":{"start":{"line":356,"column":12},"end":{"line":356,"column":76}},"168":{"start":{"line":359,"column":12},"end":{"line":359,"column":32}},"169":{"start":{"line":360,"column":12},"end":{"line":360,"column":70}},"170":{"start":{"line":364,"column":12},"end":{"line":364,"column":64}},"171":{"start":{"line":366,"column":12},"end":{"line":400,"column":16}},"172":{"start":{"line":367,"column":14},"end":{"line":395,"column":18}},"173":{"start":{"line":368,"column":16},"end":{"line":394,"column":40}},"174":{"start":{"line":369,"column":18},"end":{"line":393,"column":19}},"175":{"start":{"line":370,"column":20},"end":{"line":392,"column":21}},"176":{"start":{"line":372,"column":24},"end":{"line":372,"column":43}},"177":{"start":{"line":373,"column":24},"end":{"line":387,"column":29}},"178":{"start":{"line":374,"column":26},"end":{"line":386,"column":50}},"179":{"start":{"line":375,"column":28},"end":{"line":385,"column":29}},"180":{"start":{"line":376,"column":30},"end":{"line":384,"column":31}},"181":{"start":{"line":378,"column":34},"end":{"line":378,"column":53}},"182":{"start":{"line":379,"column":34},"end":{"line":379,"column":171}},"183":{"start":{"line":383,"column":34},"end":{"line":383,"column":58}},"184":{"start":{"line":391,"column":24},"end":{"line":391,"column":48}},"185":{"start":{"line":397,"column":14},"end":{"line":399,"column":16}},"186":{"start":{"line":398,"column":16},"end":{"line":398,"column":52}},"187":{"start":{"line":402,"column":12},"end":{"line":402,"column":37}},"188":{"start":{"line":404,"column":12},"end":{"line":407,"column":13}},"189":{"start":{"line":405,"column":14},"end":{"line":405,"column":34}},"190":{"start":{"line":406,"column":14},"end":{"line":406,"column":20}},"191":{"start":{"line":409,"column":12},"end":{"line":409,"column":32}},"192":{"start":{"line":410,"column":12},"end":{"line":410,"column":109}},"193":{"start":{"line":413,"column":12},"end":{"line":413,"column":49}},"194":{"start":{"line":415,"column":12},"end":{"line":415,"column":58}},"195":{"start":{"line":416,"column":12},"end":{"line":416,"column":87}},"196":{"start":{"line":419,"column":12},"end":{"line":419,"column":32}},"197":{"start":{"line":420,"column":12},"end":{"line":420,"column":34}},"198":{"start":{"line":423,"column":12},"end":{"line":426,"column":13}},"199":{"start":{"line":424,"column":14},"end":{"line":424,"column":35}},"200":{"start":{"line":425,"column":14},"end":{"line":425,"column":20}},"201":{"start":{"line":428,"column":12},"end":{"line":428,"column":33}},"202":{"start":{"line":429,"column":12},"end":{"line":452,"column":17}},"203":{"start":{"line":430,"column":14},"end":{"line":451,"column":38}},"204":{"start":{"line":431,"column":16},"end":{"line":450,"column":17}},"205":{"start":{"line":432,"column":18},"end":{"line":449,"column":19}},"206":{"start":{"line":434,"column":22},"end":{"line":434,"column":41}},"207":{"start":{"line":435,"column":22},"end":{"line":444,"column":25}},"208":{"start":{"line":436,"column":24},"end":{"line":436,"column":71}},"209":{"start":{"line":437,"column":24},"end":{"line":440,"column":27}},"210":{"start":{"line":441,"column":24},"end":{"line":443,"column":27}},"211":{"start":{"line":442,"column":26},"end":{"line":442,"column":43}},"212":{"start":{"line":448,"column":22},"end":{"line":448,"column":46}},"213":{"start":{"line":455,"column":12},"end":{"line":455,"column":33}},"214":{"start":{"line":456,"column":12},"end":{"line":508,"column":17}},"215":{"start":{"line":457,"column":14},"end":{"line":507,"column":38}},"216":{"start":{"line":458,"column":16},"end":{"line":506,"column":17}},"217":{"start":{"line":459,"column":18},"end":{"line":505,"column":19}},"218":{"start":{"line":461,"column":22},"end":{"line":461,"column":64}},"219":{"start":{"line":462,"column":22},"end":{"line":462,"column":41}},"220":{"start":{"line":463,"column":22},"end":{"line":463,"column":115}},"221":{"start":{"line":466,"column":22},"end":{"line":466,"column":41}},"222":{"start":{"line":467,"column":22},"end":{"line":467,"column":119}},"223":{"start":{"line":470,"column":22},"end":{"line":473,"column":23}},"224":{"start":{"line":471,"column":24},"end":{"line":471,"column":43}},"225":{"start":{"line":472,"column":24},"end":{"line":472,"column":30}},"226":{"start":{"line":475,"column":22},"end":{"line":475,"column":41}},"227":{"start":{"line":476,"column":22},"end":{"line":476,"column":115}},"228":{"start":{"line":480,"column":22},"end":{"line":480,"column":51}},"229":{"start":{"line":481,"column":22},"end":{"line":481,"column":42}},"230":{"start":{"line":482,"column":22},"end":{"line":482,"column":84}},"231":{"start":{"line":486,"column":22},"end":{"line":486,"column":54}},"232":{"start":{"line":487,"column":22},"end":{"line":487,"column":42}},"233":{"start":{"line":488,"column":22},"end":{"line":488,"column":93}},"234":{"start":{"line":492,"column":22},"end":{"line":492,"column":59}},"235":{"start":{"line":493,"column":22},"end":{"line":493,"column":42}},"236":{"start":{"line":494,"column":22},"end":{"line":500,"column":38}},"237":{"start":{"line":495,"column":24},"end":{"line":497,"column":25}},"238":{"start":{"line":496,"column":26},"end":{"line":496,"column":75}},"239":{"start":{"line":499,"column":24},"end":{"line":499,"column":35}},"240":{"start":{"line":504,"column":22},"end":{"line":504,"column":46}},"241":{"start":{"line":511,"column":12},"end":{"line":511,"column":33}},"242":{"start":{"line":512,"column":12},"end":{"line":512,"column":55}},"243":{"start":{"line":515,"column":12},"end":{"line":515,"column":41}},"244":{"start":{"line":518,"column":12},"end":{"line":518,"column":58}},"245":{"start":{"line":519,"column":12},"end":{"line":519,"column":33}},"246":{"start":{"line":520,"column":12},"end":{"line":520,"column":99}},"247":{"start":{"line":523,"column":12},"end":{"line":523,"column":49}},"248":{"start":{"line":525,"column":12},"end":{"line":525,"column":72}},"249":{"start":{"line":527,"column":12},"end":{"line":527,"column":33}},"250":{"start":{"line":528,"column":12},"end":{"line":528,"column":34}},"251":{"start":{"line":531,"column":12},"end":{"line":531,"column":33}},"252":{"start":{"line":532,"column":12},"end":{"line":567,"column":17}},"253":{"start":{"line":533,"column":14},"end":{"line":533,"column":28}},"254":{"start":{"line":534,"column":14},"end":{"line":566,"column":38}},"255":{"start":{"line":535,"column":16},"end":{"line":565,"column":17}},"256":{"start":{"line":536,"column":18},"end":{"line":564,"column":19}},"257":{"start":{"line":538,"column":22},"end":{"line":538,"column":41}},"258":{"start":{"line":539,"column":22},"end":{"line":539,"column":99}},"259":{"start":{"line":542,"column":22},"end":{"line":545,"column":23}},"260":{"start":{"line":543,"column":24},"end":{"line":543,"column":43}},"261":{"start":{"line":544,"column":24},"end":{"line":544,"column":30}},"262":{"start":{"line":547,"column":22},"end":{"line":547,"column":41}},"263":{"start":{"line":548,"column":22},"end":{"line":548,"column":101}},"264":{"start":{"line":551,"column":22},"end":{"line":551,"column":49}},"265":{"start":{"line":553,"column":22},"end":{"line":556,"column":23}},"266":{"start":{"line":554,"column":24},"end":{"line":554,"column":43}},"267":{"start":{"line":555,"column":24},"end":{"line":555,"column":30}},"268":{"start":{"line":558,"column":22},"end":{"line":558,"column":41}},"269":{"start":{"line":559,"column":22},"end":{"line":559,"column":135}},"270":{"start":{"line":563,"column":22},"end":{"line":563,"column":46}},"271":{"start":{"line":570,"c
[...]
{"start":{"line":68,"column":22},"end":{"line":68,"column":40}},"40":{"start":{"line":69,"column":22},"end":{"line":69,"column":58}},"41":{"start":{"line":72,"column":22},"end":{"line":72,"column":49}},"42":{"start":{"line":76,"column":22},"end":{"line":76,"column":45}},"43":{"start":{"line":84,"column":12},"end":{"line":87,"column":13}},"44":{"start":{"line":85,"column":14},"end":{"line":85,"column":185}},"45":{"start":{"line":86,"column":14},"end":{"line":86,"column":30}},"46":{"start":{"line":89,"column":12},"end":{"line":89,"column":52}},"47":{"start":{"line":91,"column":12},"end":{"line":91,"column":37}},"48":{"start":{"line":92,"column":12},"end":{"line":92,"column":75}},"49":{"start":{"line":96,"column":12},"end":{"line":96,"column":36}}},"branchMap":{"1":{"line":34,"type":"cond-expr","locations":[{"start":{"line":34,"column":70},"end":{"line":34,"column":73}},{"start":{"line":34,"column":76},"end":{"line":34,"column":92}}]},"2":{"line":34,"type":"binary-expr","locations":[{"start":{"line":34,"column":46},"end":{"line":34,"column":49}},{"start":{"line":34,"column":53},"end":{"line":34,"column":67}}]},"3":{"line":42,"type":"if","locations":[{"start":{"line":42,"column":2},"end":{"line":42,"column":2}},{"start":{"line":42,"column":2},"end":{"line":42,"column":2}}]},"4":{"line":54,"type":"if","locations":[{"start":{"line":54,"column":0},"end":{"line":54,"column":0}},{"start":{"line":54,"column":0},"end":{"line":54,"column":0}}]},"5":{"line":59,"type":"switch","locations":[{"start":{"line":60,"column":10},"end":{"line":80,"column":17}},{"start":{"line":82,"column":10},"end":{"line":92,"column":75}},{"start":{"line":94,"column":10},"end":{"line":94,"column":17}},{"start":{"line":95,"column":10},"end":{"line":96,"column":36}}]},"6":{"line":66,"type":"switch","locations":[{"start":{"line":67,"column":20},"end":{"line":69,"column":58}},{"start":{"line":71,"column":20},"end":{"line":72,"column":49}},{"start":{"line":74,"column":20},"end":{"line":74,"column":27}},{"start":{"line":75,"column":20},"end":{"line":76,"column":45}}]},"7":{"line":84,"type":"if","locations":[{"start":{"line":84,"column":12},"end":{"line":84,"column":12}},{"start":{"line":84,"column":12},"end":{"line":84,"column":12}}]}},"code":["//#!/usr/bin/env node","'use strict';","","var _regenerator = require('babel-runtime/regenerator');","","var _regenerator2 = _interopRequireDefault(_regenerator);","","var _bluebird = require('bluebird');","","require('colors');","","var _commander = require('commander');","","var _commander2 = _interopRequireDefault(_commander);","","var _tabtab = require('tabtab');","","var _tabtab2 = _interopRequireDefault(_tabtab);","","require('./util/terminate');","","var _oraHandler = require('./util/ora-handler');","","var _oraHandler2 = _interopRequireDefault(_oraHandler);","","var _checkSystem = require('./util/check-system');","","var _checkSystem2 = _interopRequireDefault(_checkSystem);","","var _config = require('./util/config');","","var _config2 = _interopRequireDefault(_config);","","function _interopRequireDefault(obj) { return obj && obj.__esModule ? obj : { default: obj }; }","","_commander2.default.version(require('../package.json').version).option('--verbose', 'Enables verbose mode').command('init', 'Initialize a new Electron application').command('import', 'Attempts to navigate you through the process of importing an existing project to \"electron-forge\"').command('lint', 'Lints the current Electron application').command('package', 'Package the current Electron application').command('make', 'Generate distributables for the current Electron application').command('start', 'Start the current Electron application').command('publish', 'Publish the current Electron application to GitHub').command('install', 'Install an Electron application from GitHub');","","var tab = (0, _tabtab2.default)({","  name: 'electron-forge'","});","tab.on('electron-forge', function (data, done) {","  if (data.line.split(' ').length <= 2) {","    done(null, _commander2.default.commands.filter(function (cmd) {","      return cmd._name.startsWith(data.lastPartial);","    }).map(function (cmd) {","      return cmd._name + ':' + cmd._description;","    }).sort());","  } else {","    done(null, []);","  }","});","tab.start();","","if (process.argv[2] !== 'completion') {","  (0, _bluebird.coroutine)(_regenerator2.default.mark(function _callee2() {","    var goodSystem;","    return _regenerator2.default.wrap(function _callee2$(_context2) {","      while (1) {","        switch (_context2.prev = _context2.next) {","          case 0:","            goodSystem = void 0;","            _context2.next = 3;","            return (0, _oraHandler2.default)('Checking your system', (0, _bluebird.coroutine)(_regenerator2.default.mark(function _callee() {","              return _regenerator2.default.wrap(function _callee$(_context) {","                while (1) {","                  switch (_context.prev = _context.next) {","                    case 0:","                      _context.next = 2;","                      return (0, _checkSystem2.default)();","","                    case 2:","                      goodSystem = _context.sent;","","                    case 3:","                    case 'end':","                      return _context.stop();","                  }","                }","              }, _callee, undefined);","            })));","","          case 3:","","            if (!goodSystem) {","              console.error(('It looks like you are missing some dependencies you need to get Electron running.\\n' + 'Make sure you have git installed and Node.js version 6.0.0+').red);","              process.exit(1);","            }","","            _commander2.default.parse(process.argv);","","            _config2.default.reset();","            _config2.default.set('verbose', !!_commander2.default.verbose);","","          case 7:","          case 'end':","            return _context2.stop();","        }","      }","    }, _callee2, undefined);","  }))();","}"],"l":{"4":1,"6":1,"8":1,"10":1,"12":1,"14":1,"16":1,"18":1,"20":1,"22":1,"24":1,"26":1,"28":1,"30":1,"32":1,"34":6,"36":1,"38":1,"41":1,"42":0,"43":0,"44":0,"46":0,"49":0,"52":1,"54":1,"55":1,"56":1,"57":1,"58":1,"59":1,"61":1,"62":1,"63":1,"64":1,"65":1,"66":1,"68":1,"69":1,"72":0,"76":0,"84":0,"85":0,"86":0,"89":0,"91":0,"92":0,"96":0}},"/home/travis/build/npmtest/node-npmtest-electron-forge/node_modules/electron-forge/dist/util/terminate.js":{"path":"/home/travis/build/npmtest/node-npmtest-electron-forge/node_modules/electron-forge/dist/util/terminate.js","s":{"1":1,"2":1,"3":1,"4":1,"5":1,"6":2,"7":1,"8":0,"9":0,"10":0,"11":0,"12":0,"13":0,"14":0,"15":1,"16":0,"17":0,"18":0,"19":0,"20":0,"21":0,"22":0},"b":{"1":[1,1],"2":[2,2],"3":[0,0],"4":[0,0,0],"5":[0,0],"6":[0,0],"7":[0,0,0],"8":[0,0]},"f":{"1":2,"2":0,"3":0},"fnMap":{"1":{"name":"_interopRequireDefault","line":11,"loc":{"start":{"line":11,"column":0},"end":{"line":11,"column":37}}},"2":{"name":"(anonymous_2)","line":13,"loc":{"start":{"line":13,"column":33},"end":{"line":13,"column":48}}},"3":{"name":"(anonymous_3)","line":25,"loc":{"start":{"line":25,"column":32},"end":{"line":25,"column":47}}}},"statementMap":{"1":{"start":{"line":3,"column":0},"end":{"line":3,"column":65}},"2":{"start":{"line":5,"column":0},"end":{"line":5,"column":53}},"3":{"start":{"line":7,"column":0},"end":{"line":7,"column":32}},"4":{"start":{"line":9,"column":0},"end":{"line":9,"column":47}},"5":{"start":{"line":11,"column":0},"end":{"line":11,"column":95}},"6":{"start":{"line":11,"column":39},"end":{"line":11,"column":93}},"7":{"start":{"line":13,"column":0},"end":{"line":23,"column":3}},"8":{"start":{"line":14,"column":2},"end":{"line":21,"column":3}},"9":{"start":{"line":15,"column":4},"end":{"line":15,"column":77}},"10":{"start":{"line":16,"column":4},"end":{"line":16,"column":53}},"11":{"start":{"line":17,"column":4},"end":{"line":17,"column":51}},"12":{"start":{"line":19,"column":4},"end":{"line":19,"column":58}},"13":{"start":{"line":20,"column":4},"end":{"line":20,"column":103}},"14":{"start":{"line":22,"column":2},"end":{"line":22,"column":18}},"15":{"start":{"line":25,"column":0},"end":{"line":35,"column":3}},"16":{"start":{"line":26,"column":2},"end":{"line":33,"column":3}},"17":{"start":{"line":27,"column":4},"end":{"line":27,"column":77}},"18":{"start":{"line":28,"column":4},"end":{"line":28,"column":53}},"19":{"start":{"line":29,"column":4},"end":{"line":29,"column":51}},"20":{"start":{"line":31,"column":4},"end":{"line":31,"column":58}},"21":{"start":{"line":32,"column":4},"end":{"line":32,"column":103}},"22":{"start":{"line":34,"column":2},"end":{"line":34,"column":18}}},"branchMap":{"1":{"line":11,"type":"cond-expr","locations":[{"start":{"line":11,"column":70},"end":{"line":11,"column":73}},{"start":{"line":11,"column":76},"end":{"line":11,"column":92}}]},"2":{"line":11,"type":"binary-expr","locations":[{"start":{"line":11,"column":46},"end":{"line":11,"column":49}},{"start":{"line":11,"column":53},"end":{"line":11,"column":67}}]},"3":{"line":14,"type":"if","locations":[{"start":{"line":14,"column":2},"end":{"line":14,"column":2}},{"start":{"line":14,"column":2},"end":{"line":14,"column":2}}]},"4":{"line":14,"type":"binary-expr","locations":[{"start":{"line":14,"column":6},"end":{"line":14,"column":9}},{"start":{"line":14,"column":13},"end":{"line":14,"column":24}},{"start":{"line":14,"column":28},"end":{"line":14,"column":37}}]},"5":{"line":20,"type":"cond-expr","locations":[{"start":{"line":20,"column":65},"end":{"line":20,"column":68}},{"start":{"line":20,"column":71},"end":{"line":20,"column":100}}]},"6":{"line":26,"type":"if","locations":[{"start":{"line":26,"column":2},"end":{"line":26,"column":2}},{"start":{"line":26,"column":2},"end":{"line":26,"column":2}}]},"7":{"line":26,"type":"binary-expr","locations":[{"start":{"line":26,"column":6},"end":{"line":26,"column":9}},{"start":{"line":26,"column":13},"end":{"line":26,"column":24}},{"start":{"line":26,"column":28},"end":{"line":26,"column":37}}]},"8":{"line":32,"type":"cond-expr","locations":[{"start":{"line":32,"column":65},"end":{"line":32,"column":68}},{"start":{"line":32,"column":71},"end":{"line":32,"column":100}}]}},"code":["'use strict';","","var _stringify = require('babel-runtime/core-js/json/stringify');","","var _stringify2 = _interopRequireDefault(_stringify);","","var _colors = require('colors');","","var _colors2 = _interopRequireDefault(_colors);","","function _interopRequireDefault(obj) { return obj && obj.__esModule ? obj : { default: obj }; }","","process.on('unhandledRejection', function (err) {","  if (err && err.message && err.stack) {","    console.error('\\nAn unhandled rejection has occurred inside Forge:'.red);","    console.error(_colors2.default.red(err.message));","    console.error(_colors2.default.red(err.stack));","  } else {","    console.error('\\nElectron forge was terminated:'.red);","    console.error(_colors2.default.red(typeof err === 'string' ? err : (0, _stringify2.default)(err)));","  }","  process.exit(1);","});","","process.on('uncaughtException', function (err) {","  if (err && err.message && err.stack) {","    console.error('\\nAn unhandled exception has occurred inside Forge:'.red);","    console.error(_colors2.default.red(err.message));","    console.error(_colors2.default.red(err.stack));","  } else {","    console.error('\\nElectron forge was terminated:'.red);","    console.error(_colors2.default.red(typeof err === 'string' ? err : (0, _stringify2.default)(err)));","  }","  process.exit(1);","});"],"l":{"3":1,"5":1,"7":1,"9":1,"11":2,"13":1,"14":0,"15":0,"16":0,"17":0,"19":0,"20":0,"22":0,"25":1,"26":0,"27":0,"28":0,"29":0,"31":0,"32":0,"34":0}},"/home/travis/build/npmtest/node-npmtest-electron-forge/node_modules/electron-forge/dist/util/check-system.js":{"path":"/home/travis/build/npmtest/node-npmtest-electron-forge/node_modules/electron-forge/dist/util/check-system.js","s":{"1":1,"2":1,"3":1,"4":1,"5":1,"6":1,"7":1,"8":1,"9":1,"10":1,"11":3,"12":1,"13":1,"14":2,"15":2,"16":1,"17":1,"18":1,"19":0,"20":1,"21":1,"22":1},"b":{"1":[1,2],"2":[3,3],"3":[1,0,1],"4":[0,1],"5":[1,1]},"f":{"1":3,"2":1,"3":2,"4":1,"5":1,"6":1},"fnMap":{"1":{"name":"_interopRequireDefault","line":23,"loc":{"start":{"line":23,"column":0},"end":{"line":23,"column":37}}},"2":{"name":"_callee","line":25,"loc":{"start":{"line":25,"column":70},"end":{"line":25,"column":89}}},"3":{"name":"_callee$","line":26,"loc":{"start":{"line":26,"column":36},"end":{"line":26,"column":64}}},"4":{"name":"(anonymous_4)","line":30,"loc":{"start":{"line":30,"column":65},"end":{"line":30,"column":84}}},"5":{"name":"(anonymous_5)","line":31,"loc":{"start":{"line":31,"column":54},"end":{"line":31,"column":69}}},"6":{"name":"(anonymous_6)","line":35,"loc":{"start":{"line":35,"column":18},"end":{"line":35,"column":34}}}},"statementMap":{"1":{"start":{"line":3,"column":0},"end":{"line":5,"column":3}},"2":{"start":{"line":7,"column":0},"end":{"line":7,"column":56}},"3":{"start":{"line":9,"column":0},"end":{"line":9,"column":57}},"4":{"start":{"line":11,"column":0},"end":{"line":11,"column":56}},"5":{"start":{"line":13,"column":0},"end":{"line":13,"column":49}},"6":{"start":{"line":15,"column":0},"end":{"line":15,"column":36}},"7":{"start":{"line":17,"column":0},"end":{"line":17,"column":46}},"8":{"start":{"line":19,"column":0},"end":{"line":19,"column":32}},"9":{"start":{"line":21,"column":0},"end":{"line":21,"column":47}},"10":{"start":{"line":23,"column":0},"end":{"line":23,"column":95}},"11":{"start":{"line":23,"column":39},"end":{"line":23,"column":93}},"12":{"start":{"line":25,"column":0},"end":{"line":45,"column":4}},"13":{"start":{"line":26,"column":2},"end":{"line":44,"column":25}},"14":{"start":{"line":27,"column":4},"end":{"line":43,"column":5}},"15":{"start":{"line":28,"column":6},"end":{"line":42,"column":7}},"16":{"start":{"line":30,"column":10},"end":{"line":37,"column":14}},"17":{"start":{"line":31,"column":12},"end":{"line":34,"column":15}},"18":{"start":{"line":32,"column":14},"end":{"line":32,"column":45}},"19":{"start":{"line":32,"column":23},"end":{"line":32,"column":45}},"20":{"start":{"line":33,"column":14},"end":{"line":33,"column":28}},"21":{"start":{"line":36,"column":12},"end":{"line":36,"column":106}},"22":{"start":{"line":41,"column":10},"end":{"line":41,"column":33}}},"branchMap":{"1":{"line":23,"type":"cond-expr","locations":[{"start":{"line":23,"column":70},"end":{"line":23,"column":73}},{"start":{"line":23,"column":76},"end":{"line":23,"column":92}}]},"2":{"line":23,"type":"binary-expr","locations":[{"start":{"line":23,"column":46},"end":{"line":23,"column":49}},{"start":{"line":23,"column":53},"end":{"line":23,"column":67}}]},"3":{"line":28,"type":"switch","locations":[{"start":{"line":29,"column":8},"end":{"line":37,"column":14}},{"start":{"line":39,"column":8},"end":{"line":39,"column":15}},{"start":{"line":40,"column":8},"end":{"line":41,"column":33}}]},"4":{"line":32,"type":"if","locations":[{"start":{"line":32,"column":14},"end":{"line":32,"column":14}},{"start":{"line":32,"column":14},"end":{"line":32,"column":14}}]},"5":{"line":36,"type":"binary-expr","locations":[{"start":{"line":36,"column":45},"end":{"line":36,"column":49}},{"start":{"line":36,"column":53},"end":{"line":36,"column":104}}]}},"code":["'use strict';","","Object.defineProperty(exports, \"__esModule\", {","  value: true","});","","var _regenerator = require('babel-runtime/regenerator');","","var _regenerator2 = _interopRequireDefault(_regenerator);","","var _promise = require('babel-runtime/core-js/promise');","","var _promise2 = _interopRequireDefault(_promise);","","var _bluebird = require('bluebird');","","var _child_process = require('child_process');","","var _semver = require('semver');","","var _semver2 = _interopRequireDefault(_semver);","","function _interopRequireDefault(obj) { return obj && obj.__esModule ? obj : { default: obj }; }","","exports.default = (0, _bluebird.coroutine)(_regenerator2.default.mark(function _callee() {","  return _regenerator2.default.wrap(function _callee$(_context) {","    while (1) {","      switch (_context.prev = _context.next) {","        case 0:","          return _context.abrupt('return', new _promise2.default(function (resolve) {","            (0, _child_process.exec)('git --version', function (err) {","              if (err) return resolve(false);","              resolve(true);","            });","          }).then(function (prev) {","            return _promise2.default.resolve(prev && _semver2.default.gt(process.versions.node, '6.0.0'));","          }));","","        case 1:","        case 'end':","          return _context.stop();","      }","    }","  }, _callee, undefined);","}));"],"l":{"3":1,"7":1,"9":1,"11":1,"13":1,"15":1,"17":1,"19":1,"21":1,"23":3,"25":1,"26":1,"27":2,"28":2,"30":1,"31":1,"32":1,"33":1,"36":1,"41":1}},"/home/travis/build/npmtest/node-npmtest-electron-forge/node_modules/electron-forge/.cz.js":{"path":"/home/travis/build/npmtest/node-npmtest-electron-forge/node_modules/electron-forge/.cz.js","s":{"1":1},"b":{},"f":{},"fnMap":{},"statementMap":{"1":{"start":{"line":1,"column":0},"end":{"line":27,"column":1}}},"branchMap":{},"code":["module.exports = {","  types: [","    {value: 'feat',     name: 'feat:     A new feature'},","    {value: 'fix',      name: 'fix:      A bug fix'},","    {value: 'docs',     name: 'docs:     Documentation only changes'},","    {value: 'style',    name: 'style:    Changes that do not affect the meaning of the code\\n            (white-space, formatting, missing semi-colons, etc)'},","    {value: 'refactor', name: 'refactor: A code change that neither fixes a bug nor adds a feature'},","    {value: 'perf',     name: 'perf:     A code change that improves performance'},","    {value: 'test',     name: 'test:     Adding missing tests'},","    {value: 'chore',    name: 'chore:    Changes to the build process or auxiliary tools\\n            and libraries such as documentation generation'},","    {value: 'revert',   name: 'revert:   Revert to a commit'},","    {value: 'WIP',      name: 'WIP:      Work in progress'},","  ],","  scopes: [","    { name: 'maker' },","    { name: 'packager' },","    { name: 'linter' },","    { name: 'starter' },","    { name: 'importer' },","    { name: 'tests' },","    { name: 'initializer' },","    { name: 'publisher' },","    { name: 'installer' },","    { name: 'generic' },","  ],","  allowCustomScopes: true,","}",""],"l":{"1":1}},"/home/travis/build/npmtest/node-npmtest-electron-forge/node_modules/electron-forge/tabtab-install.js":{"path":"/home/travis/build/npmtest/node-npmtest-electron-forge/node_modules/electron-forge/tabtab-install.js","s":{"1":1,"2":1,"3":1,"4":1,"5":1,"6":1,"7":1},"b":{"1":[1,0]},"f":{},"fnMap":{},"statementMap":{"1":{"start":{"line":1,"column":0},"end":{"line":1,"column":25}},"2":{"start":{"line":2,"column":0},"end":{"line":2,"column":29}},"3":{"start":{"line":3,"column":0},"end":{"line":3,"column":67}},"4":{"start":{"line":5,"column":0},"end":{"line":5,"column":73}},"5":{"start":{"line":7,"column":0},"end":{"line":11,"column":1}},"6":{"start":{"line":8,"column":2},"end":{"line":10,"column":75}},"7":{"start":{"line":10,"column":18},"end":{"line":10,"column":73}}},"branchMap":{"1":{"line":7,"type":"if","locations":[{"start":{"line":7,"column":0},"end":{"line":7,"column":0}},{"start":{"line":7,"column":0},"end":{"line":7,"column":0}}]}},"code":["const fs = require('fs');","const path = require('path');","const { findActualExecutable, spawnPromise } = require('spawn-rx');","","const tabtabPath = path.resolve(__dirname, './node_modules/.bin/tabtab');","","if (!fs.existsSync(path.resolve(__dirname, 'src'))) {","  spawnPromise(findActualExecutable(tabtabPath).cmd, ['install', '--auto'], {","    stdio: 'inherit',","  }).catch(err => console.error('Failed to install tab completion:', err));","}",""],"l":{"1":1,"2":1,"3":1,"5":1,"7":1,"8":1,"10":1}}}